{"/Users/Taivnaa/Desktop/hack-reactor/FEC/Local-Review/client/components/App.jsx": {"path":"/Users/Taivnaa/Desktop/hack-reactor/FEC/Local-Review/client/components/App.jsx","statementMap":{"0":{"start":{"line":7,"column":18},"end":{"line":44,"column":1}},"1":{"start":{"line":48,"column":4},"end":{"line":48,"column":17}},"2":{"start":{"line":49,"column":4},"end":{"line":52,"column":5}},"3":{"start":{"line":53,"column":4},"end":{"line":53,"column":49}},"4":{"start":{"line":54,"column":4},"end":{"line":54,"column":51}},"5":{"start":{"line":57,"column":4},"end":{"line":63,"column":49}},"6":{"start":{"line":59,"column":8},"end":{"line":61,"column":10}},"7":{"start":{"line":63,"column":20},"end":{"line":63,"column":47}},"8":{"start":{"line":66,"column":4},"end":{"line":72,"column":49}},"9":{"start":{"line":68,"column":8},"end":{"line":70,"column":10}},"10":{"start":{"line":72,"column":20},"end":{"line":72,"column":47}},"11":{"start":{"line":75,"column":4},"end":{"line":75,"column":22}},"12":{"start":{"line":76,"column":4},"end":{"line":76,"column":23}},"13":{"start":{"line":79,"column":4},"end":{"line":87,"column":5}}},"fnMap":{"0":{"name":"(anonymous_0)","decl":{"start":{"line":47,"column":2},"end":{"line":47,"column":3}},"loc":{"start":{"line":47,"column":21},"end":{"line":55,"column":3}},"line":47},"1":{"name":"(anonymous_1)","decl":{"start":{"line":56,"column":2},"end":{"line":56,"column":3}},"loc":{"start":{"line":56,"column":15},"end":{"line":64,"column":3}},"line":56},"2":{"name":"(anonymous_2)","decl":{"start":{"line":58,"column":12},"end":{"line":58,"column":13}},"loc":{"start":{"line":58,"column":35},"end":{"line":62,"column":7}},"line":58},"3":{"name":"(anonymous_3)","decl":{"start":{"line":63,"column":13},"end":{"line":63,"column":14}},"loc":{"start":{"line":63,"column":20},"end":{"line":63,"column":47}},"line":63},"4":{"name":"(anonymous_4)","decl":{"start":{"line":65,"column":2},"end":{"line":65,"column":3}},"loc":{"start":{"line":65,"column":16},"end":{"line":73,"column":3}},"line":65},"5":{"name":"(anonymous_5)","decl":{"start":{"line":67,"column":12},"end":{"line":67,"column":13}},"loc":{"start":{"line":67,"column":36},"end":{"line":71,"column":7}},"line":67},"6":{"name":"(anonymous_6)","decl":{"start":{"line":72,"column":13},"end":{"line":72,"column":14}},"loc":{"start":{"line":72,"column":20},"end":{"line":72,"column":47}},"line":72},"7":{"name":"(anonymous_7)","decl":{"start":{"line":74,"column":2},"end":{"line":74,"column":3}},"loc":{"start":{"line":74,"column":22},"end":{"line":77,"column":3}},"line":74},"8":{"name":"(anonymous_8)","decl":{"start":{"line":78,"column":2},"end":{"line":78,"column":3}},"loc":{"start":{"line":78,"column":11},"end":{"line":88,"column":3}},"line":78}},"branchMap":{},"s":{"0":1,"1":3,"2":3,"3":3,"4":3,"5":3,"6":0,"7":0,"8":3,"9":0,"10":0,"11":3,"12":3,"13":3},"f":{"0":3,"1":3,"2":0,"3":0,"4":3,"5":0,"6":0,"7":3,"8":3},"b":{},"_coverageSchema":"1a1c01bbd47fc00a2c39e90264f33305004495a9","hash":"a844d89abf20a80b95f4589f6eae30e5d591e720"}
,"/Users/Taivnaa/Desktop/hack-reactor/FEC/Local-Review/client/components/FeatureItem.jsx": {"path":"/Users/Taivnaa/Desktop/hack-reactor/FEC/Local-Review/client/components/FeatureItem.jsx","statementMap":{"0":{"start":{"line":22,"column":19},"end":{"line":63,"column":1}},"1":{"start":{"line":65,"column":20},"end":{"line":130,"column":1}},"2":{"start":{"line":66,"column":27},"end":{"line":69,"column":3}},"3":{"start":{"line":67,"column":18},"end":{"line":67,"column":21}},"4":{"start":{"line":68,"column":4},"end":{"line":68,"column":43}},"5":{"start":{"line":70,"column":16},"end":{"line":90,"column":3}},"6":{"start":{"line":71,"column":4},"end":{"line":89,"column":5}},"7":{"start":{"line":72,"column":6},"end":{"line":72,"column":38}},"8":{"start":{"line":72,"column":23},"end":{"line":72,"column":38}},"9":{"start":{"line":73,"column":6},"end":{"line":73,"column":47}},"10":{"start":{"line":73,"column":23},"end":{"line":73,"column":47}},"11":{"start":{"line":74,"column":6},"end":{"line":74,"column":45}},"12":{"start":{"line":74,"column":23},"end":{"line":74,"column":45}},"13":{"start":{"line":75,"column":6},"end":{"line":75,"column":39}},"14":{"start":{"line":75,"column":23},"end":{"line":75,"column":39}},"15":{"start":{"line":76,"column":6},"end":{"line":76,"column":39}},"16":{"start":{"line":76,"column":23},"end":{"line":76,"column":39}},"17":{"start":{"line":77,"column":6},"end":{"line":77,"column":46}},"18":{"start":{"line":77,"column":23},"end":{"line":77,"column":46}},"19":{"start":{"line":79,"column":6},"end":{"line":79,"column":39}},"20":{"start":{"line":79,"column":23},"end":{"line":79,"column":39}},"21":{"start":{"line":80,"column":6},"end":{"line":80,"column":42}},"22":{"start":{"line":80,"column":23},"end":{"line":80,"column":42}},"23":{"start":{"line":81,"column":6},"end":{"line":81,"column":44}},"24":{"start":{"line":81,"column":23},"end":{"line":81,"column":44}},"25":{"start":{"line":82,"column":6},"end":{"line":82,"column":40}},"26":{"start":{"line":82,"column":23},"end":{"line":82,"column":40}},"27":{"start":{"line":83,"column":6},"end":{"line":83,"column":44}},"28":{"start":{"line":83,"column":23},"end":{"line":83,"column":44}},"29":{"start":{"line":84,"column":6},"end":{"line":84,"column":42}},"30":{"start":{"line":84,"column":23},"end":{"line":84,"column":42}},"31":{"start":{"line":85,"column":6},"end":{"line":85,"column":38}},"32":{"start":{"line":85,"column":23},"end":{"line":85,"column":38}},"33":{"start":{"line":86,"column":6},"end":{"line":86,"column":43}},"34":{"start":{"line":86,"column":23},"end":{"line":86,"column":43}},"35":{"start":{"line":87,"column":6},"end":{"line":87,"column":39}},"36":{"start":{"line":87,"column":23},"end":{"line":87,"column":39}},"37":{"start":{"line":88,"column":6},"end":{"line":88,"column":41}},"38":{"start":{"line":88,"column":23},"end":{"line":88,"column":41}},"39":{"start":{"line":91,"column":22},"end":{"line":111,"column":3}},"40":{"start":{"line":92,"column":4},"end":{"line":110,"column":5}},"41":{"start":{"line":93,"column":6},"end":{"line":93,"column":51}},"42":{"start":{"line":93,"column":23},"end":{"line":93,"column":51}},"43":{"start":{"line":94,"column":6},"end":{"line":94,"column":52}},"44":{"start":{"line":94,"column":23},"end":{"line":94,"column":52}},"45":{"start":{"line":95,"column":6},"end":{"line":95,"column":62}},"46":{"start":{"line":95,"column":23},"end":{"line":95,"column":62}},"47":{"start":{"line":96,"column":6},"end":{"line":96,"column":65}},"48":{"start":{"line":96,"column":23},"end":{"line":96,"column":65}},"49":{"start":{"line":97,"column":6},"end":{"line":97,"column":65}},"50":{"start":{"line":97,"column":23},"end":{"line":97,"column":65}},"51":{"start":{"line":98,"column":6},"end":{"line":98,"column":53}},"52":{"start":{"line":98,"column":23},"end":{"line":98,"column":53}},"53":{"start":{"line":100,"column":6},"end":{"line":100,"column":50}},"54":{"start":{"line":100,"column":23},"end":{"line":100,"column":50}},"55":{"start":{"line":101,"column":6},"end":{"line":101,"column":56}},"56":{"start":{"line":101,"column":23},"end":{"line":101,"column":56}},"57":{"start":{"line":102,"column":6},"end":{"line":102,"column":55}},"58":{"start":{"line":102,"column":23},"end":{"line":102,"column":55}},"59":{"start":{"line":103,"column":6},"end":{"line":103,"column":44}},"60":{"start":{"line":103,"column":23},"end":{"line":103,"column":44}},"61":{"start":{"line":104,"column":6},"end":{"line":104,"column":71}},"62":{"start":{"line":104,"column":23},"end":{"line":104,"column":71}},"63":{"start":{"line":105,"column":6},"end":{"line":105,"column":48}},"64":{"start":{"line":105,"column":23},"end":{"line":105,"column":48}},"65":{"start":{"line":106,"column":6},"end":{"line":106,"column":46}},"66":{"start":{"line":106,"column":23},"end":{"line":106,"column":46}},"67":{"start":{"line":107,"column":6},"end":{"line":107,"column":50}},"68":{"start":{"line":107,"column":23},"end":{"line":107,"column":50}},"69":{"start":{"line":108,"column":6},"end":{"line":108,"column":52}},"70":{"start":{"line":108,"column":23},"end":{"line":108,"column":52}},"71":{"start":{"line":109,"column":6},"end":{"line":109,"column":59}},"72":{"start":{"line":109,"column":23},"end":{"line":109,"column":59}},"73":{"start":{"line":112,"column":2},"end":{"line":129,"column":4}},"74":{"start":{"line":117,"column":12},"end":{"line":125,"column":13}}},"fnMap":{"0":{"name":"(anonymous_0)","decl":{"start":{"line":65,"column":20},"end":{"line":65,"column":21}},"loc":{"start":{"line":65,"column":31},"end":{"line":130,"column":1}},"line":65},"1":{"name":"(anonymous_1)","decl":{"start":{"line":66,"column":27},"end":{"line":66,"column":28}},"loc":{"start":{"line":66,"column":36},"end":{"line":69,"column":3}},"line":66},"2":{"name":"(anonymous_2)","decl":{"start":{"line":70,"column":16},"end":{"line":70,"column":17}},"loc":{"start":{"line":70,"column":40},"end":{"line":90,"column":3}},"line":70},"3":{"name":"(anonymous_3)","decl":{"start":{"line":91,"column":22},"end":{"line":91,"column":23}},"loc":{"start":{"line":91,"column":46},"end":{"line":111,"column":3}},"line":91},"4":{"name":"(anonymous_4)","decl":{"start":{"line":116,"column":26},"end":{"line":116,"column":27}},"loc":{"start":{"line":116,"column":39},"end":{"line":126,"column":11}},"line":116}},"branchMap":{"0":{"loc":{"start":{"line":71,"column":4},"end":{"line":89,"column":5}},"type":"if","locations":[{"start":{"line":71,"column":4},"end":{"line":89,"column":5}},{"start":{"line":71,"column":4},"end":{"line":89,"column":5}}],"line":71},"1":{"loc":{"start":{"line":72,"column":6},"end":{"line":72,"column":38}},"type":"if","locations":[{"start":{"line":72,"column":6},"end":{"line":72,"column":38}},{"start":{"line":72,"column":6},"end":{"line":72,"column":38}}],"line":72},"2":{"loc":{"start":{"line":73,"column":6},"end":{"line":73,"column":47}},"type":"if","locations":[{"start":{"line":73,"column":6},"end":{"line":73,"column":47}},{"start":{"line":73,"column":6},"end":{"line":73,"column":47}}],"line":73},"3":{"loc":{"start":{"line":74,"column":6},"end":{"line":74,"column":45}},"type":"if","locations":[{"start":{"line":74,"column":6},"end":{"line":74,"column":45}},{"start":{"line":74,"column":6},"end":{"line":74,"column":45}}],"line":74},"4":{"loc":{"start":{"line":75,"column":6},"end":{"line":75,"column":39}},"type":"if","locations":[{"start":{"line":75,"column":6},"end":{"line":75,"column":39}},{"start":{"line":75,"column":6},"end":{"line":75,"column":39}}],"line":75},"5":{"loc":{"start":{"line":76,"column":6},"end":{"line":76,"column":39}},"type":"if","locations":[{"start":{"line":76,"column":6},"end":{"line":76,"column":39}},{"start":{"line":76,"column":6},"end":{"line":76,"column":39}}],"line":76},"6":{"loc":{"start":{"line":77,"column":6},"end":{"line":77,"column":46}},"type":"if","locations":[{"start":{"line":77,"column":6},"end":{"line":77,"column":46}},{"start":{"line":77,"column":6},"end":{"line":77,"column":46}}],"line":77},"7":{"loc":{"start":{"line":79,"column":6},"end":{"line":79,"column":39}},"type":"if","locations":[{"start":{"line":79,"column":6},"end":{"line":79,"column":39}},{"start":{"line":79,"column":6},"end":{"line":79,"column":39}}],"line":79},"8":{"loc":{"start":{"line":80,"column":6},"end":{"line":80,"column":42}},"type":"if","locations":[{"start":{"line":80,"column":6},"end":{"line":80,"column":42}},{"start":{"line":80,"column":6},"end":{"line":80,"column":42}}],"line":80},"9":{"loc":{"start":{"line":81,"column":6},"end":{"line":81,"column":44}},"type":"if","locations":[{"start":{"line":81,"column":6},"end":{"line":81,"column":44}},{"start":{"line":81,"column":6},"end":{"line":81,"column":44}}],"line":81},"10":{"loc":{"start":{"line":82,"column":6},"end":{"line":82,"column":40}},"type":"if","locations":[{"start":{"line":82,"column":6},"end":{"line":82,"column":40}},{"start":{"line":82,"column":6},"end":{"line":82,"column":40}}],"line":82},"11":{"loc":{"start":{"line":83,"column":6},"end":{"line":83,"column":44}},"type":"if","locations":[{"start":{"line":83,"column":6},"end":{"line":83,"column":44}},{"start":{"line":83,"column":6},"end":{"line":83,"column":44}}],"line":83},"12":{"loc":{"start":{"line":84,"column":6},"end":{"line":84,"column":42}},"type":"if","locations":[{"start":{"line":84,"column":6},"end":{"line":84,"column":42}},{"start":{"line":84,"column":6},"end":{"line":84,"column":42}}],"line":84},"13":{"loc":{"start":{"line":85,"column":6},"end":{"line":85,"column":38}},"type":"if","locations":[{"start":{"line":85,"column":6},"end":{"line":85,"column":38}},{"start":{"line":85,"column":6},"end":{"line":85,"column":38}}],"line":85},"14":{"loc":{"start":{"line":86,"column":6},"end":{"line":86,"column":43}},"type":"if","locations":[{"start":{"line":86,"column":6},"end":{"line":86,"column":43}},{"start":{"line":86,"column":6},"end":{"line":86,"column":43}}],"line":86},"15":{"loc":{"start":{"line":87,"column":6},"end":{"line":87,"column":39}},"type":"if","locations":[{"start":{"line":87,"column":6},"end":{"line":87,"column":39}},{"start":{"line":87,"column":6},"end":{"line":87,"column":39}}],"line":87},"16":{"loc":{"start":{"line":88,"column":6},"end":{"line":88,"column":41}},"type":"if","locations":[{"start":{"line":88,"column":6},"end":{"line":88,"column":41}},{"start":{"line":88,"column":6},"end":{"line":88,"column":41}}],"line":88},"17":{"loc":{"start":{"line":92,"column":4},"end":{"line":110,"column":5}},"type":"if","locations":[{"start":{"line":92,"column":4},"end":{"line":110,"column":5}},{"start":{"line":92,"column":4},"end":{"line":110,"column":5}}],"line":92},"18":{"loc":{"start":{"line":93,"column":6},"end":{"line":93,"column":51}},"type":"if","locations":[{"start":{"line":93,"column":6},"end":{"line":93,"column":51}},{"start":{"line":93,"column":6},"end":{"line":93,"column":51}}],"line":93},"19":{"loc":{"start":{"line":94,"column":6},"end":{"line":94,"column":52}},"type":"if","locations":[{"start":{"line":94,"column":6},"end":{"line":94,"column":52}},{"start":{"line":94,"column":6},"end":{"line":94,"column":52}}],"line":94},"20":{"loc":{"start":{"line":95,"column":6},"end":{"line":95,"column":62}},"type":"if","locations":[{"start":{"line":95,"column":6},"end":{"line":95,"column":62}},{"start":{"line":95,"column":6},"end":{"line":95,"column":62}}],"line":95},"21":{"loc":{"start":{"line":96,"column":6},"end":{"line":96,"column":65}},"type":"if","locations":[{"start":{"line":96,"column":6},"end":{"line":96,"column":65}},{"start":{"line":96,"column":6},"end":{"line":96,"column":65}}],"line":96},"22":{"loc":{"start":{"line":97,"column":6},"end":{"line":97,"column":65}},"type":"if","locations":[{"start":{"line":97,"column":6},"end":{"line":97,"column":65}},{"start":{"line":97,"column":6},"end":{"line":97,"column":65}}],"line":97},"23":{"loc":{"start":{"line":98,"column":6},"end":{"line":98,"column":53}},"type":"if","locations":[{"start":{"line":98,"column":6},"end":{"line":98,"column":53}},{"start":{"line":98,"column":6},"end":{"line":98,"column":53}}],"line":98},"24":{"loc":{"start":{"line":100,"column":6},"end":{"line":100,"column":50}},"type":"if","locations":[{"start":{"line":100,"column":6},"end":{"line":100,"column":50}},{"start":{"line":100,"column":6},"end":{"line":100,"column":50}}],"line":100},"25":{"loc":{"start":{"line":101,"column":6},"end":{"line":101,"column":56}},"type":"if","locations":[{"start":{"line":101,"column":6},"end":{"line":101,"column":56}},{"start":{"line":101,"column":6},"end":{"line":101,"column":56}}],"line":101},"26":{"loc":{"start":{"line":102,"column":6},"end":{"line":102,"column":55}},"type":"if","locations":[{"start":{"line":102,"column":6},"end":{"line":102,"column":55}},{"start":{"line":102,"column":6},"end":{"line":102,"column":55}}],"line":102},"27":{"loc":{"start":{"line":103,"column":6},"end":{"line":103,"column":44}},"type":"if","locations":[{"start":{"line":103,"column":6},"end":{"line":103,"column":44}},{"start":{"line":103,"column":6},"end":{"line":103,"column":44}}],"line":103},"28":{"loc":{"start":{"line":104,"column":6},"end":{"line":104,"column":71}},"type":"if","locations":[{"start":{"line":104,"column":6},"end":{"line":104,"column":71}},{"start":{"line":104,"column":6},"end":{"line":104,"column":71}}],"line":104},"29":{"loc":{"start":{"line":105,"column":6},"end":{"line":105,"column":48}},"type":"if","locations":[{"start":{"line":105,"column":6},"end":{"line":105,"column":48}},{"start":{"line":105,"column":6},"end":{"line":105,"column":48}}],"line":105},"30":{"loc":{"start":{"line":106,"column":6},"end":{"line":106,"column":46}},"type":"if","locations":[{"start":{"line":106,"column":6},"end":{"line":106,"column":46}},{"start":{"line":106,"column":6},"end":{"line":106,"column":46}}],"line":106},"31":{"loc":{"start":{"line":107,"column":6},"end":{"line":107,"column":50}},"type":"if","locations":[{"start":{"line":107,"column":6},"end":{"line":107,"column":50}},{"start":{"line":107,"column":6},"end":{"line":107,"column":50}}],"line":107},"32":{"loc":{"start":{"line":108,"column":6},"end":{"line":108,"column":52}},"type":"if","locations":[{"start":{"line":108,"column":6},"end":{"line":108,"column":52}},{"start":{"line":108,"column":6},"end":{"line":108,"column":52}}],"line":108},"33":{"loc":{"start":{"line":109,"column":6},"end":{"line":109,"column":59}},"type":"if","locations":[{"start":{"line":109,"column":6},"end":{"line":109,"column":59}},{"start":{"line":109,"column":6},"end":{"line":109,"column":59}}],"line":109},"34":{"loc":{"start":{"line":115,"column":8},"end":{"line":126,"column":19}},"type":"cond-expr","locations":[{"start":{"line":116,"column":10},"end":{"line":126,"column":12}},{"start":{"line":126,"column":15},"end":{"line":126,"column":19}}],"line":115}},"s":{"0":3,"1":3,"2":1,"3":0,"4":0,"5":1,"6":0,"7":0,"8":0,"9":0,"10":0,"11":0,"12":0,"13":0,"14":0,"15":0,"16":0,"17":0,"18":0,"19":0,"20":0,"21":0,"22":0,"23":0,"24":0,"25":0,"26":0,"27":0,"28":0,"29":0,"30":0,"31":0,"32":0,"33":0,"34":0,"35":0,"36":0,"37":0,"38":0,"39":1,"40":0,"41":0,"42":0,"43":0,"44":0,"45":0,"46":0,"47":0,"48":0,"49":0,"50":0,"51":0,"52":0,"53":0,"54":0,"55":0,"56":0,"57":0,"58":0,"59":0,"60":0,"61":0,"62":0,"63":0,"64":0,"65":0,"66":0,"67":0,"68":0,"69":0,"70":0,"71":0,"72":0,"73":1,"74":0},"f":{"0":1,"1":0,"2":0,"3":0,"4":0},"b":{"0":[0,0],"1":[0,0],"2":[0,0],"3":[0,0],"4":[0,0],"5":[0,0],"6":[0,0],"7":[0,0],"8":[0,0],"9":[0,0],"10":[0,0],"11":[0,0],"12":[0,0],"13":[0,0],"14":[0,0],"15":[0,0],"16":[0,0],"17":[0,0],"18":[0,0],"19":[0,0],"20":[0,0],"21":[0,0],"22":[0,0],"23":[0,0],"24":[0,0],"25":[0,0],"26":[0,0],"27":[0,0],"28":[0,0],"29":[0,0],"30":[0,0],"31":[0,0],"32":[0,0],"33":[0,0],"34":[0,1]},"_coverageSchema":"1a1c01bbd47fc00a2c39e90264f33305004495a9","hash":"d33eaf56f1476d51b8aef08fe76ea3f511d3fe09"}
,"/Users/Taivnaa/Desktop/hack-reactor/FEC/Local-Review/client/components/Features.jsx": {"path":"/Users/Taivnaa/Desktop/hack-reactor/FEC/Local-Review/client/components/Features.jsx","statementMap":{"0":{"start":{"line":5,"column":23},"end":{"line":8,"column":1}},"1":{"start":{"line":10,"column":21},"end":{"line":35,"column":1}},"2":{"start":{"line":39,"column":4},"end":{"line":39,"column":17}},"3":{"start":{"line":40,"column":4},"end":{"line":42,"column":6}},"4":{"start":{"line":43,"column":4},"end":{"line":43,"column":55}},"5":{"start":{"line":47,"column":4},"end":{"line":49,"column":6}},"6":{"start":{"line":52,"column":18},"end":{"line":52,"column":20}},"7":{"start":{"line":53,"column":21},"end":{"line":53,"column":23}},"8":{"start":{"line":54,"column":4},"end":{"line":57,"column":5}},"9":{"start":{"line":55,"column":6},"end":{"line":55,"column":48}},"10":{"start":{"line":56,"column":6},"end":{"line":56,"column":48}},"11":{"start":{"line":58,"column":4},"end":{"line":66,"column":5}}},"fnMap":{"0":{"name":"(anonymous_0)","decl":{"start":{"line":38,"column":2},"end":{"line":38,"column":3}},"loc":{"start":{"line":38,"column":21},"end":{"line":44,"column":3}},"line":38},"1":{"name":"(anonymous_1)","decl":{"start":{"line":46,"column":2},"end":{"line":46,"column":3}},"loc":{"start":{"line":46,"column":18},"end":{"line":50,"column":3}},"line":46},"2":{"name":"(anonymous_2)","decl":{"start":{"line":51,"column":2},"end":{"line":51,"column":3}},"loc":{"start":{"line":51,"column":11},"end":{"line":67,"column":3}},"line":51}},"branchMap":{"0":{"loc":{"start":{"line":54,"column":4},"end":{"line":57,"column":5}},"type":"if","locations":[{"start":{"line":54,"column":4},"end":{"line":57,"column":5}},{"start":{"line":54,"column":4},"end":{"line":57,"column":5}}],"line":54},"1":{"loc":{"start":{"line":62,"column":11},"end":{"line":62,"column":73}},"type":"cond-expr","locations":[{"start":{"line":62,"column":32},"end":{"line":62,"column":66}},{"start":{"line":62,"column":69},"end":{"line":62,"column":73}}],"line":62},"2":{"loc":{"start":{"line":64,"column":52},"end":{"line":64,"column":95}},"type":"cond-expr","locations":[{"start":{"line":64,"column":73},"end":{"line":64,"column":83}},{"start":{"line":64,"column":86},"end":{"line":64,"column":95}}],"line":64}},"s":{"0":2,"1":2,"2":3,"3":3,"4":3,"5":0,"6":3,"7":3,"8":3,"9":0,"10":0,"11":3},"f":{"0":3,"1":0,"2":3},"b":{"0":[0,3],"1":[0,3],"2":[0,3]},"_coverageSchema":"1a1c01bbd47fc00a2c39e90264f33305004495a9","hash":"a724a850a724cc633a4d2836c5952fda24a93ab2"}
,"/Users/Taivnaa/Desktop/hack-reactor/FEC/Local-Review/client/components/NextButton.jsx": {"path":"/Users/Taivnaa/Desktop/hack-reactor/FEC/Local-Review/client/components/NextButton.jsx","statementMap":{"0":{"start":{"line":4,"column":21},"end":{"line":35,"column":1}},"1":{"start":{"line":37,"column":18},"end":{"line":40,"column":1}},"2":{"start":{"line":42,"column":22},"end":{"line":44,"column":1}},"3":{"start":{"line":46,"column":19},"end":{"line":53,"column":1}},"4":{"start":{"line":47,"column":2},"end":{"line":52,"column":17}}},"fnMap":{"0":{"name":"(anonymous_0)","decl":{"start":{"line":46,"column":19},"end":{"line":46,"column":20}},"loc":{"start":{"line":47,"column":2},"end":{"line":52,"column":17}},"line":47}},"branchMap":{"0":{"loc":{"start":{"line":48,"column":5},"end":{"line":51,"column":18}},"type":"cond-expr","locations":[{"start":{"line":48,"column":19},"end":{"line":49,"column":10}},{"start":{"line":49,"column":13},"end":{"line":51,"column":18}}],"line":48}},"s":{"0":1,"1":1,"2":1,"3":1,"4":0},"f":{"0":0},"b":{"0":[0,0]},"_coverageSchema":"1a1c01bbd47fc00a2c39e90264f33305004495a9","hash":"03eea986f76a56f4061efdba9a920dcd3c21c72f"}
,"/Users/Taivnaa/Desktop/hack-reactor/FEC/Local-Review/client/components/PrevButton.jsx": {"path":"/Users/Taivnaa/Desktop/hack-reactor/FEC/Local-Review/client/components/PrevButton.jsx","statementMap":{"0":{"start":{"line":4,"column":21},"end":{"line":27,"column":1}},"1":{"start":{"line":29,"column":18},"end":{"line":32,"column":1}},"2":{"start":{"line":34,"column":22},"end":{"line":36,"column":1}},"3":{"start":{"line":38,"column":19},"end":{"line":44,"column":1}},"4":{"start":{"line":39,"column":2},"end":{"line":43,"column":17}}},"fnMap":{"0":{"name":"(anonymous_0)","decl":{"start":{"line":38,"column":19},"end":{"line":38,"column":20}},"loc":{"start":{"line":39,"column":2},"end":{"line":43,"column":17}},"line":39}},"branchMap":{},"s":{"0":1,"1":1,"2":1,"3":1,"4":0},"f":{"0":0},"b":{},"_coverageSchema":"1a1c01bbd47fc00a2c39e90264f33305004495a9","hash":"ae9f82ce5003e6a6320835d2bca7d3ff1b9216eb"}
,"/Users/Taivnaa/Desktop/hack-reactor/FEC/Local-Review/client/components/ReviewItem.jsx": {"path":"/Users/Taivnaa/Desktop/hack-reactor/FEC/Local-Review/client/components/ReviewItem.jsx","statementMap":{"0":{"start":{"line":6,"column":21},"end":{"line":77,"column":1}},"1":{"start":{"line":8,"column":22},"end":{"line":8,"column":57}},"2":{"start":{"line":15,"column":31},"end":{"line":15,"column":42}},"3":{"start":{"line":81,"column":4},"end":{"line":81,"column":17}},"4":{"start":{"line":82,"column":4},"end":{"line":86,"column":5}},"5":{"start":{"line":87,"column":4},"end":{"line":87,"column":65}},"6":{"start":{"line":90,"column":16},"end":{"line":90,"column":32}},"7":{"start":{"line":91,"column":4},"end":{"line":103,"column":5}},"8":{"start":{"line":92,"column":6},"end":{"line":92,"column":14}},"9":{"start":{"line":93,"column":6},"end":{"line":96,"column":8}},"10":{"start":{"line":98,"column":6},"end":{"line":98,"column":14}},"11":{"start":{"line":99,"column":6},"end":{"line":102,"column":8}},"12":{"start":{"line":106,"column":17},"end":{"line":106,"column":41}},"13":{"start":{"line":107,"column":15},"end":{"line":107,"column":36}},"14":{"start":{"line":108,"column":23},"end":{"line":108,"column":39}},"15":{"start":{"line":109,"column":4},"end":{"line":127,"column":5}},"16":{"start":{"line":112,"column":50},"end":{"line":112,"column":85}},"17":{"start":{"line":120,"column":54},"end":{"line":120,"column":89}}},"fnMap":{"0":{"name":"(anonymous_0)","decl":{"start":{"line":8,"column":13},"end":{"line":8,"column":14}},"loc":{"start":{"line":8,"column":22},"end":{"line":8,"column":57}},"line":8},"1":{"name":"(anonymous_1)","decl":{"start":{"line":15,"column":22},"end":{"line":15,"column":23}},"loc":{"start":{"line":15,"column":31},"end":{"line":15,"column":42}},"line":15},"2":{"name":"(anonymous_2)","decl":{"start":{"line":80,"column":2},"end":{"line":80,"column":3}},"loc":{"start":{"line":80,"column":21},"end":{"line":88,"column":3}},"line":80},"3":{"name":"(anonymous_3)","decl":{"start":{"line":89,"column":2},"end":{"line":89,"column":3}},"loc":{"start":{"line":89,"column":23},"end":{"line":104,"column":3}},"line":89},"4":{"name":"(anonymous_4)","decl":{"start":{"line":105,"column":2},"end":{"line":105,"column":3}},"loc":{"start":{"line":105,"column":11},"end":{"line":128,"column":3}},"line":105},"5":{"name":"(anonymous_5)","decl":{"start":{"line":112,"column":44},"end":{"line":112,"column":45}},"loc":{"start":{"line":112,"column":50},"end":{"line":112,"column":85}},"line":112},"6":{"name":"(anonymous_6)","decl":{"start":{"line":120,"column":48},"end":{"line":120,"column":49}},"loc":{"start":{"line":120,"column":54},"end":{"line":120,"column":89}},"line":120}},"branchMap":{"0":{"loc":{"start":{"line":8,"column":22},"end":{"line":8,"column":57}},"type":"cond-expr","locations":[{"start":{"line":8,"column":36},"end":{"line":8,"column":47}},{"start":{"line":8,"column":50},"end":{"line":8,"column":57}}],"line":8},"1":{"loc":{"start":{"line":91,"column":4},"end":{"line":103,"column":5}},"type":"if","locations":[{"start":{"line":91,"column":4},"end":{"line":103,"column":5}},{"start":{"line":91,"column":4},"end":{"line":103,"column":5}}],"line":91},"2":{"loc":{"start":{"line":116,"column":41},"end":{"line":116,"column":101}},"type":"cond-expr","locations":[{"start":{"line":116,"column":79},"end":{"line":116,"column":89}},{"start":{"line":116,"column":92},"end":{"line":116,"column":101}}],"line":116}},"s":{"0":1,"1":0,"2":0,"3":0,"4":0,"5":0,"6":0,"7":0,"8":0,"9":0,"10":0,"11":0,"12":0,"13":0,"14":0,"15":0,"16":0,"17":0},"f":{"0":0,"1":0,"2":0,"3":0,"4":0,"5":0,"6":0},"b":{"0":[0,0],"1":[0,0],"2":[0,0]},"_coverageSchema":"1a1c01bbd47fc00a2c39e90264f33305004495a9","hash":"f435cd522572fee676ae6f5789f5310c91713b7e"}
,"/Users/Taivnaa/Desktop/hack-reactor/FEC/Local-Review/client/components/Reviews.jsx": {"path":"/Users/Taivnaa/Desktop/hack-reactor/FEC/Local-Review/client/components/Reviews.jsx","statementMap":{"0":{"start":{"line":11,"column":22},"end":{"line":68,"column":1}},"1":{"start":{"line":66,"column":26},"end":{"line":66,"column":66}},"2":{"start":{"line":70,"column":15},"end":{"line":93,"column":1}},"3":{"start":{"line":97,"column":4},"end":{"line":97,"column":17}},"4":{"start":{"line":98,"column":4},"end":{"line":105,"column":6}},"5":{"start":{"line":106,"column":4},"end":{"line":106,"column":65}},"6":{"start":{"line":107,"column":4},"end":{"line":107,"column":57}},"7":{"start":{"line":108,"column":4},"end":{"line":108,"column":57}},"8":{"start":{"line":109,"column":4},"end":{"line":109,"column":45}},"9":{"start":{"line":112,"column":4},"end":{"line":114,"column":6}},"10":{"start":{"line":117,"column":4},"end":{"line":121,"column":6}},"11":{"start":{"line":124,"column":4},"end":{"line":135,"column":8}},"12":{"start":{"line":126,"column":31},"end":{"line":126,"column":61}},"13":{"start":{"line":127,"column":8},"end":{"line":127,"column":52}},"14":{"start":{"line":128,"column":8},"end":{"line":131,"column":10}},"15":{"start":{"line":134,"column":8},"end":{"line":134,"column":34}},"16":{"start":{"line":138,"column":4},"end":{"line":142,"column":6}},"17":{"start":{"line":145,"column":16},"end":{"line":145,"column":34}},"18":{"start":{"line":146,"column":22},"end":{"line":148,"column":6}},"19":{"start":{"line":147,"column":6},"end":{"line":147,"column":33}},"20":{"start":{"line":149,"column":22},"end":{"line":151,"column":6}},"21":{"start":{"line":150,"column":6},"end":{"line":150,"column":33}},"22":{"start":{"line":152,"column":20},"end":{"line":154,"column":6}},"23":{"start":{"line":153,"column":6},"end":{"line":153,"column":31}},"24":{"start":{"line":155,"column":20},"end":{"line":157,"column":6}},"25":{"start":{"line":156,"column":6},"end":{"line":156,"column":31}},"26":{"start":{"line":158,"column":4},"end":{"line":227,"column":5}},"27":{"start":{"line":167,"column":59},"end":{"line":167,"column":89}},"28":{"start":{"line":168,"column":42},"end":{"line":168,"column":78}},"29":{"start":{"line":169,"column":42},"end":{"line":169,"column":78}},"30":{"start":{"line":170,"column":42},"end":{"line":170,"column":76}},"31":{"start":{"line":171,"column":42},"end":{"line":171,"column":76}},"32":{"start":{"line":177,"column":18},"end":{"line":179,"column":19}},"33":{"start":{"line":183,"column":18},"end":{"line":185,"column":19}},"34":{"start":{"line":189,"column":18},"end":{"line":191,"column":19}},"35":{"start":{"line":195,"column":18},"end":{"line":197,"column":19}},"36":{"start":{"line":201,"column":18},"end":{"line":203,"column":19}},"37":{"start":{"line":210,"column":12},"end":{"line":218,"column":13}},"38":{"start":{"line":211,"column":14},"end":{"line":213,"column":16}},"39":{"start":{"line":215,"column":14},"end":{"line":217,"column":16}},"40":{"start":{"line":221,"column":12},"end":{"line":223,"column":14}}},"fnMap":{"0":{"name":"(anonymous_0)","decl":{"start":{"line":66,"column":17},"end":{"line":66,"column":18}},"loc":{"start":{"line":66,"column":26},"end":{"line":66,"column":66}},"line":66},"1":{"name":"(anonymous_1)","decl":{"start":{"line":96,"column":2},"end":{"line":96,"column":3}},"loc":{"start":{"line":96,"column":21},"end":{"line":110,"column":3}},"line":96},"2":{"name":"(anonymous_2)","decl":{"start":{"line":111,"column":2},"end":{"line":111,"column":3}},"loc":{"start":{"line":111,"column":27},"end":{"line":115,"column":3}},"line":111},"3":{"name":"(anonymous_3)","decl":{"start":{"line":116,"column":2},"end":{"line":116,"column":3}},"loc":{"start":{"line":116,"column":19},"end":{"line":122,"column":3}},"line":116},"4":{"name":"(anonymous_4)","decl":{"start":{"line":123,"column":2},"end":{"line":123,"column":3}},"loc":{"start":{"line":123,"column":38},"end":{"line":136,"column":3}},"line":123},"5":{"name":"(anonymous_5)","decl":{"start":{"line":125,"column":12},"end":{"line":125,"column":13}},"loc":{"start":{"line":125,"column":22},"end":{"line":132,"column":7}},"line":125},"6":{"name":"(anonymous_6)","decl":{"start":{"line":133,"column":13},"end":{"line":133,"column":14}},"loc":{"start":{"line":133,"column":20},"end":{"line":135,"column":7}},"line":133},"7":{"name":"(anonymous_7)","decl":{"start":{"line":137,"column":2},"end":{"line":137,"column":3}},"loc":{"start":{"line":137,"column":13},"end":{"line":143,"column":3}},"line":137},"8":{"name":"(anonymous_8)","decl":{"start":{"line":144,"column":2},"end":{"line":144,"column":3}},"loc":{"start":{"line":144,"column":11},"end":{"line":228,"column":3}},"line":144},"9":{"name":"(anonymous_9)","decl":{"start":{"line":146,"column":48},"end":{"line":146,"column":49}},"loc":{"start":{"line":147,"column":6},"end":{"line":147,"column":33}},"line":147},"10":{"name":"(anonymous_10)","decl":{"start":{"line":149,"column":48},"end":{"line":149,"column":49}},"loc":{"start":{"line":150,"column":6},"end":{"line":150,"column":33}},"line":150},"11":{"name":"(anonymous_11)","decl":{"start":{"line":152,"column":46},"end":{"line":152,"column":47}},"loc":{"start":{"line":153,"column":6},"end":{"line":153,"column":31}},"line":153},"12":{"name":"(anonymous_12)","decl":{"start":{"line":155,"column":46},"end":{"line":155,"column":47}},"loc":{"start":{"line":156,"column":6},"end":{"line":156,"column":31}},"line":156},"13":{"name":"(anonymous_13)","decl":{"start":{"line":167,"column":53},"end":{"line":167,"column":54}},"loc":{"start":{"line":167,"column":59},"end":{"line":167,"column":89}},"line":167},"14":{"name":"(anonymous_14)","decl":{"start":{"line":168,"column":36},"end":{"line":168,"column":37}},"loc":{"start":{"line":168,"column":42},"end":{"line":168,"column":78}},"line":168},"15":{"name":"(anonymous_15)","decl":{"start":{"line":169,"column":36},"end":{"line":169,"column":37}},"loc":{"start":{"line":169,"column":42},"end":{"line":169,"column":78}},"line":169},"16":{"name":"(anonymous_16)","decl":{"start":{"line":170,"column":36},"end":{"line":170,"column":37}},"loc":{"start":{"line":170,"column":42},"end":{"line":170,"column":76}},"line":170},"17":{"name":"(anonymous_17)","decl":{"start":{"line":171,"column":36},"end":{"line":171,"column":37}},"loc":{"start":{"line":171,"column":42},"end":{"line":171,"column":76}},"line":171},"18":{"name":"(anonymous_18)","decl":{"start":{"line":176,"column":53},"end":{"line":176,"column":54}},"loc":{"start":{"line":176,"column":68},"end":{"line":180,"column":17}},"line":176},"19":{"name":"(anonymous_19)","decl":{"start":{"line":182,"column":65},"end":{"line":182,"column":66}},"loc":{"start":{"line":182,"column":80},"end":{"line":186,"column":17}},"line":182},"20":{"name":"(anonymous_20)","decl":{"start":{"line":188,"column":65},"end":{"line":188,"column":66}},"loc":{"start":{"line":188,"column":80},"end":{"line":192,"column":17}},"line":188},"21":{"name":"(anonymous_21)","decl":{"start":{"line":194,"column":61},"end":{"line":194,"column":62}},"loc":{"start":{"line":194,"column":76},"end":{"line":198,"column":17}},"line":194},"22":{"name":"(anonymous_22)","decl":{"start":{"line":200,"column":61},"end":{"line":200,"column":62}},"loc":{"start":{"line":200,"column":76},"end":{"line":204,"column":17}},"line":200},"23":{"name":"(anonymous_23)","decl":{"start":{"line":209,"column":64},"end":{"line":209,"column":65}},"loc":{"start":{"line":209,"column":70},"end":{"line":219,"column":11}},"line":209},"24":{"name":"(anonymous_24)","decl":{"start":{"line":220,"column":49},"end":{"line":220,"column":50}},"loc":{"start":{"line":220,"column":55},"end":{"line":224,"column":11}},"line":220}},"branchMap":{"0":{"loc":{"start":{"line":66,"column":26},"end":{"line":66,"column":66}},"type":"cond-expr","locations":[{"start":{"line":66,"column":40},"end":{"line":66,"column":60}},{"start":{"line":66,"column":63},"end":{"line":66,"column":66}}],"line":66},"1":{"loc":{"start":{"line":161,"column":9},"end":{"line":161,"column":147}},"type":"cond-expr","locations":[{"start":{"line":161,"column":36},"end":{"line":161,"column":140}},{"start":{"line":161,"column":143},"end":{"line":161,"column":147}}],"line":161},"2":{"loc":{"start":{"line":162,"column":9},"end":{"line":162,"column":125}},"type":"cond-expr","locations":[{"start":{"line":162,"column":33},"end":{"line":162,"column":118}},{"start":{"line":162,"column":121},"end":{"line":162,"column":125}}],"line":162},"3":{"loc":{"start":{"line":163,"column":9},"end":{"line":163,"column":82}},"type":"cond-expr","locations":[{"start":{"line":163,"column":34},"end":{"line":163,"column":75}},{"start":{"line":163,"column":78},"end":{"line":163,"column":82}}],"line":163},"4":{"loc":{"start":{"line":176,"column":17},"end":{"line":180,"column":25}},"type":"cond-expr","locations":[{"start":{"line":176,"column":45},"end":{"line":180,"column":18}},{"start":{"line":180,"column":21},"end":{"line":180,"column":25}}],"line":176},"5":{"loc":{"start":{"line":182,"column":17},"end":{"line":186,"column":25}},"type":"cond-expr","locations":[{"start":{"line":182,"column":51},"end":{"line":186,"column":18}},{"start":{"line":186,"column":21},"end":{"line":186,"column":25}}],"line":182},"6":{"loc":{"start":{"line":188,"column":17},"end":{"line":192,"column":25}},"type":"cond-expr","locations":[{"start":{"line":188,"column":51},"end":{"line":192,"column":18}},{"start":{"line":192,"column":21},"end":{"line":192,"column":25}}],"line":188},"7":{"loc":{"start":{"line":194,"column":17},"end":{"line":198,"column":25}},"type":"cond-expr","locations":[{"start":{"line":194,"column":49},"end":{"line":198,"column":18}},{"start":{"line":198,"column":21},"end":{"line":198,"column":25}}],"line":194},"8":{"loc":{"start":{"line":200,"column":17},"end":{"line":204,"column":25}},"type":"cond-expr","locations":[{"start":{"line":200,"column":49},"end":{"line":204,"column":18}},{"start":{"line":204,"column":21},"end":{"line":204,"column":25}}],"line":200},"9":{"loc":{"start":{"line":210,"column":12},"end":{"line":218,"column":13}},"type":"if","locations":[{"start":{"line":210,"column":12},"end":{"line":218,"column":13}},{"start":{"line":210,"column":12},"end":{"line":218,"column":13}}],"line":210},"10":{"loc":{"start":{"line":220,"column":11},"end":{"line":224,"column":22}},"type":"cond-expr","locations":[{"start":{"line":220,"column":30},"end":{"line":224,"column":15}},{"start":{"line":224,"column":18},"end":{"line":224,"column":22}}],"line":220}},"s":{"0":1,"1":0,"2":1,"3":0,"4":0,"5":0,"6":0,"7":0,"8":0,"9":0,"10":0,"11":0,"12":0,"13":0,"14":0,"15":0,"16":0,"17":0,"18":0,"19":0,"20":0,"21":0,"22":0,"23":0,"24":0,"25":0,"26":0,"27":0,"28":0,"29":0,"30":0,"31":0,"32":0,"33":0,"34":0,"35":0,"36":0,"37":0,"38":0,"39":0,"40":0},"f":{"0":0,"1":0,"2":0,"3":0,"4":0,"5":0,"6":0,"7":0,"8":0,"9":0,"10":0,"11":0,"12":0,"13":0,"14":0,"15":0,"16":0,"17":0,"18":0,"19":0,"20":0,"21":0,"22":0,"23":0,"24":0},"b":{"0":[0,0],"1":[0,0],"2":[0,0],"3":[0,0],"4":[0,0],"5":[0,0],"6":[0,0],"7":[0,0],"8":[0,0],"9":[0,0],"10":[0,0]},"_coverageSchema":"1a1c01bbd47fc00a2c39e90264f33305004495a9","hash":"ceec73d1e3552c1b5870f938dc3568ee6f1de36e"}
,"/Users/Taivnaa/Desktop/hack-reactor/FEC/Local-Review/client/components/Logos/Car.jsx": {"path":"/Users/Taivnaa/Desktop/hack-reactor/FEC/Local-Review/client/components/Logos/Car.jsx","statementMap":{"0":{"start":{"line":4,"column":22},"end":{"line":7,"column":1}},"1":{"start":{"line":9,"column":18},"end":{"line":12,"column":1}},"2":{"start":{"line":14,"column":22},"end":{"line":16,"column":1}},"3":{"start":{"line":18,"column":12},"end":{"line":24,"column":1}},"4":{"start":{"line":19,"column":2},"end":{"line":23,"column":18}}},"fnMap":{"0":{"name":"(anonymous_0)","decl":{"start":{"line":18,"column":12},"end":{"line":18,"column":13}},"loc":{"start":{"line":19,"column":2},"end":{"line":23,"column":18}},"line":19}},"branchMap":{},"s":{"0":3,"1":3,"2":3,"3":3,"4":0},"f":{"0":0},"b":{},"_coverageSchema":"1a1c01bbd47fc00a2c39e90264f33305004495a9","hash":"270d83b4ff903fdddecd72ae6b9984bd1bf8faca"}
,"/Users/Taivnaa/Desktop/hack-reactor/FEC/Local-Review/client/components/Logos/Cart.jsx": {"path":"/Users/Taivnaa/Desktop/hack-reactor/FEC/Local-Review/client/components/Logos/Cart.jsx","statementMap":{"0":{"start":{"line":4,"column":22},"end":{"line":7,"column":1}},"1":{"start":{"line":9,"column":18},"end":{"line":12,"column":1}},"2":{"start":{"line":14,"column":22},"end":{"line":16,"column":1}},"3":{"start":{"line":18,"column":13},"end":{"line":24,"column":1}},"4":{"start":{"line":19,"column":2},"end":{"line":23,"column":18}}},"fnMap":{"0":{"name":"(anonymous_0)","decl":{"start":{"line":18,"column":13},"end":{"line":18,"column":14}},"loc":{"start":{"line":19,"column":2},"end":{"line":23,"column":18}},"line":19}},"branchMap":{},"s":{"0":3,"1":3,"2":3,"3":3,"4":0},"f":{"0":0},"b":{},"_coverageSchema":"1a1c01bbd47fc00a2c39e90264f33305004495a9","hash":"fc3604f945efe01bbd1641d86fb707a5be7ea8ac"}
,"/Users/Taivnaa/Desktop/hack-reactor/FEC/Local-Review/client/components/Logos/CloseButton.jsx": {"path":"/Users/Taivnaa/Desktop/hack-reactor/FEC/Local-Review/client/components/Logos/CloseButton.jsx","statementMap":{"0":{"start":{"line":4,"column":22},"end":{"line":11,"column":1}},"1":{"start":{"line":13,"column":18},"end":{"line":16,"column":1}},"2":{"start":{"line":18,"column":22},"end":{"line":20,"column":1}},"3":{"start":{"line":22,"column":20},"end":{"line":28,"column":1}},"4":{"start":{"line":23,"column":2},"end":{"line":27,"column":18}}},"fnMap":{"0":{"name":"(anonymous_0)","decl":{"start":{"line":22,"column":20},"end":{"line":22,"column":21}},"loc":{"start":{"line":23,"column":2},"end":{"line":27,"column":18}},"line":23}},"branchMap":{},"s":{"0":1,"1":1,"2":1,"3":1,"4":0},"f":{"0":0},"b":{},"_coverageSchema":"1a1c01bbd47fc00a2c39e90264f33305004495a9","hash":"0a053c89e3939f29df1aec84253c9ddd9b07ea9a"}
,"/Users/Taivnaa/Desktop/hack-reactor/FEC/Local-Review/client/components/Logos/Dog.jsx": {"path":"/Users/Taivnaa/Desktop/hack-reactor/FEC/Local-Review/client/components/Logos/Dog.jsx","statementMap":{"0":{"start":{"line":4,"column":22},"end":{"line":7,"column":1}},"1":{"start":{"line":9,"column":18},"end":{"line":12,"column":1}},"2":{"start":{"line":14,"column":22},"end":{"line":16,"column":1}},"3":{"start":{"line":18,"column":16},"end":{"line":24,"column":1}},"4":{"start":{"line":19,"column":2},"end":{"line":23,"column":18}}},"fnMap":{"0":{"name":"(anonymous_0)","decl":{"start":{"line":18,"column":16},"end":{"line":18,"column":17}},"loc":{"start":{"line":19,"column":2},"end":{"line":23,"column":18}},"line":19}},"branchMap":{},"s":{"0":3,"1":3,"2":3,"3":3,"4":0},"f":{"0":0},"b":{},"_coverageSchema":"1a1c01bbd47fc00a2c39e90264f33305004495a9","hash":"740edc9701e921f02b1837aacb95d027c9357213"}
,"/Users/Taivnaa/Desktop/hack-reactor/FEC/Local-Review/client/components/Logos/Events.jsx": {"path":"/Users/Taivnaa/Desktop/hack-reactor/FEC/Local-Review/client/components/Logos/Events.jsx","statementMap":{"0":{"start":{"line":4,"column":22},"end":{"line":7,"column":1}},"1":{"start":{"line":9,"column":18},"end":{"line":12,"column":1}},"2":{"start":{"line":14,"column":22},"end":{"line":16,"column":1}},"3":{"start":{"line":18,"column":15},"end":{"line":24,"column":1}},"4":{"start":{"line":19,"column":2},"end":{"line":23,"column":18}}},"fnMap":{"0":{"name":"(anonymous_0)","decl":{"start":{"line":18,"column":15},"end":{"line":18,"column":16}},"loc":{"start":{"line":19,"column":2},"end":{"line":23,"column":18}},"line":19}},"branchMap":{},"s":{"0":3,"1":3,"2":3,"3":3,"4":0},"f":{"0":0},"b":{},"_coverageSchema":"1a1c01bbd47fc00a2c39e90264f33305004495a9","hash":"544ea304d02fa9be7fe505f6c4a1d9cd9c2322b0"}
,"/Users/Taivnaa/Desktop/hack-reactor/FEC/Local-Review/client/components/Logos/Holiday.jsx": {"path":"/Users/Taivnaa/Desktop/hack-reactor/FEC/Local-Review/client/components/Logos/Holiday.jsx","statementMap":{"0":{"start":{"line":4,"column":22},"end":{"line":7,"column":1}},"1":{"start":{"line":9,"column":18},"end":{"line":12,"column":1}},"2":{"start":{"line":14,"column":22},"end":{"line":16,"column":1}},"3":{"start":{"line":18,"column":16},"end":{"line":24,"column":1}},"4":{"start":{"line":19,"column":2},"end":{"line":23,"column":18}}},"fnMap":{"0":{"name":"(anonymous_0)","decl":{"start":{"line":18,"column":16},"end":{"line":18,"column":17}},"loc":{"start":{"line":19,"column":2},"end":{"line":23,"column":18}},"line":19}},"branchMap":{},"s":{"0":3,"1":3,"2":3,"3":3,"4":0},"f":{"0":0},"b":{},"_coverageSchema":"1a1c01bbd47fc00a2c39e90264f33305004495a9","hash":"a4ec0c810ffe474fd17e9e9f02d315f1d1c05852"}
,"/Users/Taivnaa/Desktop/hack-reactor/FEC/Local-Review/client/components/Logos/HourGlass.jsx": {"path":"/Users/Taivnaa/Desktop/hack-reactor/FEC/Local-Review/client/components/Logos/HourGlass.jsx","statementMap":{"0":{"start":{"line":4,"column":22},"end":{"line":7,"column":1}},"1":{"start":{"line":9,"column":18},"end":{"line":12,"column":1}},"2":{"start":{"line":14,"column":22},"end":{"line":16,"column":1}},"3":{"start":{"line":18,"column":18},"end":{"line":24,"column":1}},"4":{"start":{"line":19,"column":2},"end":{"line":23,"column":18}}},"fnMap":{"0":{"name":"(anonymous_0)","decl":{"start":{"line":18,"column":18},"end":{"line":18,"column":19}},"loc":{"start":{"line":19,"column":2},"end":{"line":23,"column":18}},"line":19}},"branchMap":{},"s":{"0":3,"1":3,"2":3,"3":3,"4":0},"f":{"0":0},"b":{},"_coverageSchema":"1a1c01bbd47fc00a2c39e90264f33305004495a9","hash":"137c0252c9bc72c95d600244faf74354dd4d1ed2"}
,"/Users/Taivnaa/Desktop/hack-reactor/FEC/Local-Review/client/components/Logos/Like.jsx": {"path":"/Users/Taivnaa/Desktop/hack-reactor/FEC/Local-Review/client/components/Logos/Like.jsx","statementMap":{"0":{"start":{"line":4,"column":22},"end":{"line":7,"column":1}},"1":{"start":{"line":9,"column":18},"end":{"line":12,"column":1}},"2":{"start":{"line":14,"column":22},"end":{"line":16,"column":1}},"3":{"start":{"line":18,"column":17},"end":{"line":24,"column":1}},"4":{"start":{"line":19,"column":2},"end":{"line":23,"column":18}}},"fnMap":{"0":{"name":"(anonymous_0)","decl":{"start":{"line":18,"column":17},"end":{"line":18,"column":18}},"loc":{"start":{"line":19,"column":2},"end":{"line":23,"column":18}},"line":19}},"branchMap":{},"s":{"0":3,"1":3,"2":3,"3":3,"4":0},"f":{"0":0},"b":{},"_coverageSchema":"1a1c01bbd47fc00a2c39e90264f33305004495a9","hash":"d32d42697353c80d2199b69f8ee0bf02fa6ae584"}
,"/Users/Taivnaa/Desktop/hack-reactor/FEC/Local-Review/client/components/Logos/ModalClose.jsx": {"path":"/Users/Taivnaa/Desktop/hack-reactor/FEC/Local-Review/client/components/Logos/ModalClose.jsx","statementMap":{"0":{"start":{"line":4,"column":22},"end":{"line":8,"column":1}},"1":{"start":{"line":10,"column":18},"end":{"line":13,"column":1}},"2":{"start":{"line":15,"column":22},"end":{"line":17,"column":1}},"3":{"start":{"line":19,"column":13},"end":{"line":25,"column":1}},"4":{"start":{"line":20,"column":2},"end":{"line":24,"column":18}}},"fnMap":{"0":{"name":"(anonymous_0)","decl":{"start":{"line":19,"column":13},"end":{"line":19,"column":14}},"loc":{"start":{"line":20,"column":2},"end":{"line":24,"column":18}},"line":20}},"branchMap":{},"s":{"0":1,"1":1,"2":1,"3":1,"4":0},"f":{"0":0},"b":{},"_coverageSchema":"1a1c01bbd47fc00a2c39e90264f33305004495a9","hash":"0d67acfd435a4921fd3054faf3eb48b4e68bd054"}
,"/Users/Taivnaa/Desktop/hack-reactor/FEC/Local-Review/client/components/Logos/Moon.jsx": {"path":"/Users/Taivnaa/Desktop/hack-reactor/FEC/Local-Review/client/components/Logos/Moon.jsx","statementMap":{"0":{"start":{"line":4,"column":22},"end":{"line":7,"column":1}},"1":{"start":{"line":9,"column":18},"end":{"line":12,"column":1}},"2":{"start":{"line":14,"column":22},"end":{"line":16,"column":1}},"3":{"start":{"line":18,"column":13},"end":{"line":24,"column":1}},"4":{"start":{"line":19,"column":2},"end":{"line":23,"column":18}}},"fnMap":{"0":{"name":"(anonymous_0)","decl":{"start":{"line":18,"column":13},"end":{"line":18,"column":14}},"loc":{"start":{"line":19,"column":2},"end":{"line":23,"column":18}},"line":19}},"branchMap":{},"s":{"0":3,"1":3,"2":3,"3":3,"4":0},"f":{"0":0},"b":{},"_coverageSchema":"1a1c01bbd47fc00a2c39e90264f33305004495a9","hash":"99dbe45fd380d614b45fb5878f2c166211811c27"}
,"/Users/Taivnaa/Desktop/hack-reactor/FEC/Local-Review/client/components/Logos/Neighbors.jsx": {"path":"/Users/Taivnaa/Desktop/hack-reactor/FEC/Local-Review/client/components/Logos/Neighbors.jsx","statementMap":{"0":{"start":{"line":4,"column":22},"end":{"line":7,"column":1}},"1":{"start":{"line":9,"column":18},"end":{"line":12,"column":1}},"2":{"start":{"line":14,"column":22},"end":{"line":16,"column":1}},"3":{"start":{"line":18,"column":18},"end":{"line":24,"column":1}},"4":{"start":{"line":19,"column":2},"end":{"line":23,"column":18}}},"fnMap":{"0":{"name":"(anonymous_0)","decl":{"start":{"line":18,"column":18},"end":{"line":18,"column":19}},"loc":{"start":{"line":19,"column":2},"end":{"line":23,"column":18}},"line":19}},"branchMap":{},"s":{"0":3,"1":3,"2":3,"3":3,"4":0},"f":{"0":0},"b":{},"_coverageSchema":"1a1c01bbd47fc00a2c39e90264f33305004495a9","hash":"18a344ae6b88fc7ec6642baf48db01629b846b44"}
,"/Users/Taivnaa/Desktop/hack-reactor/FEC/Local-Review/client/components/Logos/Parking.jsx": {"path":"/Users/Taivnaa/Desktop/hack-reactor/FEC/Local-Review/client/components/Logos/Parking.jsx","statementMap":{"0":{"start":{"line":4,"column":22},"end":{"line":7,"column":1}},"1":{"start":{"line":9,"column":18},"end":{"line":12,"column":1}},"2":{"start":{"line":14,"column":22},"end":{"line":16,"column":1}},"3":{"start":{"line":18,"column":16},"end":{"line":24,"column":1}},"4":{"start":{"line":19,"column":2},"end":{"line":23,"column":18}}},"fnMap":{"0":{"name":"(anonymous_0)","decl":{"start":{"line":18,"column":16},"end":{"line":18,"column":17}},"loc":{"start":{"line":19,"column":2},"end":{"line":23,"column":18}},"line":19}},"branchMap":{},"s":{"0":3,"1":3,"2":3,"3":3,"4":0},"f":{"0":0},"b":{},"_coverageSchema":"1a1c01bbd47fc00a2c39e90264f33305004495a9","hash":"564d9ad90275893ae3e634da8e4197ceb3ac70a1"}
,"/Users/Taivnaa/Desktop/hack-reactor/FEC/Local-Review/client/components/Logos/Play.jsx": {"path":"/Users/Taivnaa/Desktop/hack-reactor/FEC/Local-Review/client/components/Logos/Play.jsx","statementMap":{"0":{"start":{"line":4,"column":22},"end":{"line":7,"column":1}},"1":{"start":{"line":9,"column":18},"end":{"line":12,"column":1}},"2":{"start":{"line":14,"column":22},"end":{"line":16,"column":1}},"3":{"start":{"line":18,"column":13},"end":{"line":24,"column":1}},"4":{"start":{"line":19,"column":2},"end":{"line":23,"column":18}}},"fnMap":{"0":{"name":"(anonymous_0)","decl":{"start":{"line":18,"column":13},"end":{"line":18,"column":14}},"loc":{"start":{"line":19,"column":2},"end":{"line":23,"column":18}},"line":19}},"branchMap":{},"s":{"0":3,"1":3,"2":3,"3":3,"4":0},"f":{"0":0},"b":{},"_coverageSchema":"1a1c01bbd47fc00a2c39e90264f33305004495a9","hash":"967632141939286681beff65bf4925c7dbda98c9"}
,"/Users/Taivnaa/Desktop/hack-reactor/FEC/Local-Review/client/components/Logos/Quiet.jsx": {"path":"/Users/Taivnaa/Desktop/hack-reactor/FEC/Local-Review/client/components/Logos/Quiet.jsx","statementMap":{"0":{"start":{"line":4,"column":22},"end":{"line":7,"column":1}},"1":{"start":{"line":9,"column":18},"end":{"line":12,"column":1}},"2":{"start":{"line":14,"column":22},"end":{"line":16,"column":1}},"3":{"start":{"line":18,"column":14},"end":{"line":24,"column":1}},"4":{"start":{"line":19,"column":2},"end":{"line":23,"column":18}}},"fnMap":{"0":{"name":"(anonymous_0)","decl":{"start":{"line":18,"column":14},"end":{"line":18,"column":15}},"loc":{"start":{"line":19,"column":2},"end":{"line":23,"column":18}},"line":19}},"branchMap":{},"s":{"0":3,"1":3,"2":3,"3":3,"4":0},"f":{"0":0},"b":{},"_coverageSchema":"1a1c01bbd47fc00a2c39e90264f33305004495a9","hash":"93ddc034dfb2f23b8e87ac1fa4a190f46125b7b5"}
,"/Users/Taivnaa/Desktop/hack-reactor/FEC/Local-Review/client/components/Logos/Restaurant.jsx": {"path":"/Users/Taivnaa/Desktop/hack-reactor/FEC/Local-Review/client/components/Logos/Restaurant.jsx","statementMap":{"0":{"start":{"line":4,"column":22},"end":{"line":7,"column":1}},"1":{"start":{"line":9,"column":18},"end":{"line":12,"column":1}},"2":{"start":{"line":14,"column":22},"end":{"line":16,"column":1}},"3":{"start":{"line":18,"column":19},"end":{"line":24,"column":1}},"4":{"start":{"line":19,"column":2},"end":{"line":23,"column":18}}},"fnMap":{"0":{"name":"(anonymous_0)","decl":{"start":{"line":18,"column":19},"end":{"line":18,"column":20}},"loc":{"start":{"line":19,"column":2},"end":{"line":23,"column":18}},"line":19}},"branchMap":{},"s":{"0":3,"1":3,"2":3,"3":3,"4":0},"f":{"0":0},"b":{},"_coverageSchema":"1a1c01bbd47fc00a2c39e90264f33305004495a9","hash":"0644f6ab3a8ac7f9d6f7f3e414a8606288a27e6c"}
,"/Users/Taivnaa/Desktop/hack-reactor/FEC/Local-Review/client/components/Logos/SideWalk.jsx": {"path":"/Users/Taivnaa/Desktop/hack-reactor/FEC/Local-Review/client/components/Logos/SideWalk.jsx","statementMap":{"0":{"start":{"line":4,"column":22},"end":{"line":7,"column":1}},"1":{"start":{"line":9,"column":18},"end":{"line":12,"column":1}},"2":{"start":{"line":14,"column":22},"end":{"line":16,"column":1}},"3":{"start":{"line":18,"column":21},"end":{"line":24,"column":1}},"4":{"start":{"line":19,"column":2},"end":{"line":23,"column":18}}},"fnMap":{"0":{"name":"(anonymous_0)","decl":{"start":{"line":18,"column":21},"end":{"line":18,"column":22}},"loc":{"start":{"line":19,"column":2},"end":{"line":23,"column":18}},"line":19}},"branchMap":{},"s":{"0":3,"1":3,"2":3,"3":3,"4":0},"f":{"0":0},"b":{},"_coverageSchema":"1a1c01bbd47fc00a2c39e90264f33305004495a9","hash":"3c4a14c4843ea02d7eed3f44e8b1d713cd89fddd"}
,"/Users/Taivnaa/Desktop/hack-reactor/FEC/Local-Review/client/components/Logos/Smily.jsx": {"path":"/Users/Taivnaa/Desktop/hack-reactor/FEC/Local-Review/client/components/Logos/Smily.jsx","statementMap":{"0":{"start":{"line":4,"column":22},"end":{"line":7,"column":1}},"1":{"start":{"line":9,"column":18},"end":{"line":12,"column":1}},"2":{"start":{"line":14,"column":22},"end":{"line":16,"column":1}},"3":{"start":{"line":18,"column":14},"end":{"line":24,"column":1}},"4":{"start":{"line":19,"column":2},"end":{"line":23,"column":18}}},"fnMap":{"0":{"name":"(anonymous_0)","decl":{"start":{"line":18,"column":14},"end":{"line":18,"column":15}},"loc":{"start":{"line":19,"column":2},"end":{"line":23,"column":18}},"line":19}},"branchMap":{},"s":{"0":1,"1":1,"2":1,"3":1,"4":0},"f":{"0":0},"b":{},"_coverageSchema":"1a1c01bbd47fc00a2c39e90264f33305004495a9","hash":"dfb138383e721122af283e759248c0297c7944b1"}
,"/Users/Taivnaa/Desktop/hack-reactor/FEC/Local-Review/client/components/Logos/StreetLight.jsx": {"path":"/Users/Taivnaa/Desktop/hack-reactor/FEC/Local-Review/client/components/Logos/StreetLight.jsx","statementMap":{"0":{"start":{"line":4,"column":22},"end":{"line":7,"column":1}},"1":{"start":{"line":9,"column":18},"end":{"line":12,"column":1}},"2":{"start":{"line":14,"column":22},"end":{"line":16,"column":1}},"3":{"start":{"line":18,"column":20},"end":{"line":24,"column":1}},"4":{"start":{"line":19,"column":2},"end":{"line":23,"column":18}}},"fnMap":{"0":{"name":"(anonymous_0)","decl":{"start":{"line":18,"column":20},"end":{"line":18,"column":21}},"loc":{"start":{"line":19,"column":2},"end":{"line":23,"column":18}},"line":19}},"branchMap":{},"s":{"0":3,"1":3,"2":3,"3":3,"4":0},"f":{"0":0},"b":{},"_coverageSchema":"1a1c01bbd47fc00a2c39e90264f33305004495a9","hash":"4f3a41c005537dbcc79c0cfbf1af34a558ee03ae"}
,"/Users/Taivnaa/Desktop/hack-reactor/FEC/Local-Review/client/components/Logos/WildLife.jsx": {"path":"/Users/Taivnaa/Desktop/hack-reactor/FEC/Local-Review/client/components/Logos/WildLife.jsx","statementMap":{"0":{"start":{"line":4,"column":22},"end":{"line":7,"column":1}},"1":{"start":{"line":9,"column":18},"end":{"line":12,"column":1}},"2":{"start":{"line":14,"column":22},"end":{"line":16,"column":1}},"3":{"start":{"line":18,"column":17},"end":{"line":24,"column":1}},"4":{"start":{"line":19,"column":2},"end":{"line":23,"column":18}}},"fnMap":{"0":{"name":"(anonymous_0)","decl":{"start":{"line":18,"column":17},"end":{"line":18,"column":18}},"loc":{"start":{"line":19,"column":2},"end":{"line":23,"column":18}},"line":19}},"branchMap":{},"s":{"0":3,"1":3,"2":3,"3":3,"4":0},"f":{"0":0},"b":{},"_coverageSchema":"1a1c01bbd47fc00a2c39e90264f33305004495a9","hash":"ae70b014d14c8183b4c439fd1f2568c25b13523e"}
,"/Users/Taivnaa/Desktop/hack-reactor/FEC/Local-Review/client/components/Logos/Yard.jsx": {"path":"/Users/Taivnaa/Desktop/hack-reactor/FEC/Local-Review/client/components/Logos/Yard.jsx","statementMap":{"0":{"start":{"line":4,"column":22},"end":{"line":7,"column":1}},"1":{"start":{"line":9,"column":18},"end":{"line":12,"column":1}},"2":{"start":{"line":14,"column":22},"end":{"line":16,"column":1}},"3":{"start":{"line":18,"column":13},"end":{"line":24,"column":1}},"4":{"start":{"line":19,"column":2},"end":{"line":23,"column":18}}},"fnMap":{"0":{"name":"(anonymous_0)","decl":{"start":{"line":18,"column":13},"end":{"line":18,"column":14}},"loc":{"start":{"line":19,"column":2},"end":{"line":23,"column":18}},"line":19}},"branchMap":{},"s":{"0":3,"1":3,"2":3,"3":3,"4":0},"f":{"0":0},"b":{},"_coverageSchema":"1a1c01bbd47fc00a2c39e90264f33305004495a9","hash":"8abfd8e40f7de3da17767d98d9c3ce5022608056"}
,"/Users/Taivnaa/Desktop/hack-reactor/FEC/Local-Review/client/components/UI/BackDrop.jsx": {"path":"/Users/Taivnaa/Desktop/hack-reactor/FEC/Local-Review/client/components/UI/BackDrop.jsx","statementMap":{"0":{"start":{"line":4,"column":23},"end":{"line":13,"column":1}},"1":{"start":{"line":15,"column":17},"end":{"line":17,"column":1}},"2":{"start":{"line":16,"column":2},"end":{"line":16,"column":44}},"3":{"start":{"line":20,"column":20},"end":{"line":29,"column":1}},"4":{"start":{"line":31,"column":14},"end":{"line":38,"column":1}},"5":{"start":{"line":32,"column":2},"end":{"line":37,"column":5}}},"fnMap":{"0":{"name":"(anonymous_0)","decl":{"start":{"line":15,"column":17},"end":{"line":15,"column":18}},"loc":{"start":{"line":16,"column":2},"end":{"line":16,"column":44}},"line":16},"1":{"name":"(anonymous_1)","decl":{"start":{"line":31,"column":14},"end":{"line":31,"column":15}},"loc":{"start":{"line":32,"column":2},"end":{"line":37,"column":5}},"line":32}},"branchMap":{},"s":{"0":1,"1":1,"2":0,"3":1,"4":1,"5":0},"f":{"0":0,"1":0},"b":{},"_coverageSchema":"1a1c01bbd47fc00a2c39e90264f33305004495a9","hash":"9d94b5e478d84f7fec274e0bafc47dd765185b06"}
,"/Users/Taivnaa/Desktop/hack-reactor/FEC/Local-Review/client/components/UI/Modal/AllReviewModal.jsx": {"path":"/Users/Taivnaa/Desktop/hack-reactor/FEC/Local-Review/client/components/UI/Modal/AllReviewModal.jsx","statementMap":{"0":{"start":{"line":6,"column":22},"end":{"line":80,"column":1}},"1":{"start":{"line":82,"column":23},"end":{"line":92,"column":1}},"2":{"start":{"line":94,"column":17},"end":{"line":96,"column":1}},"3":{"start":{"line":95,"column":2},"end":{"line":95,"column":44}},"4":{"start":{"line":98,"column":20},"end":{"line":105,"column":1}},"5":{"start":{"line":107,"column":14},"end":{"line":114,"column":1}},"6":{"start":{"line":108,"column":2},"end":{"line":113,"column":5}},"7":{"start":{"line":116,"column":15},"end":{"line":139,"column":1}},"8":{"start":{"line":143,"column":4},"end":{"line":143,"column":17}},"9":{"start":{"line":144,"column":4},"end":{"line":147,"column":5}},"10":{"start":{"line":148,"column":4},"end":{"line":148,"column":65}},"11":{"start":{"line":151,"column":4},"end":{"line":153,"column":6}},"12":{"start":{"line":156,"column":24},"end":{"line":156,"column":34}},"13":{"start":{"line":157,"column":22},"end":{"line":159,"column":6}},"14":{"start":{"line":158,"column":6},"end":{"line":158,"column":33}},"15":{"start":{"line":160,"column":22},"end":{"line":162,"column":6}},"16":{"start":{"line":161,"column":6},"end":{"line":161,"column":33}},"17":{"start":{"line":163,"column":20},"end":{"line":165,"column":6}},"18":{"start":{"line":164,"column":6},"end":{"line":164,"column":31}},"19":{"start":{"line":166,"column":20},"end":{"line":168,"column":6}},"20":{"start":{"line":167,"column":6},"end":{"line":167,"column":31}},"21":{"start":{"line":169,"column":4},"end":{"line":216,"column":5}},"22":{"start":{"line":174,"column":59},"end":{"line":174,"column":89}},"23":{"start":{"line":175,"column":42},"end":{"line":175,"column":78}},"24":{"start":{"line":176,"column":42},"end":{"line":176,"column":78}},"25":{"start":{"line":177,"column":42},"end":{"line":177,"column":76}},"26":{"start":{"line":178,"column":42},"end":{"line":178,"column":76}},"27":{"start":{"line":179,"column":58},"end":{"line":179,"column":76}},"28":{"start":{"line":184,"column":16},"end":{"line":186,"column":17}},"29":{"start":{"line":190,"column":16},"end":{"line":192,"column":17}},"30":{"start":{"line":196,"column":16},"end":{"line":198,"column":17}},"31":{"start":{"line":202,"column":16},"end":{"line":204,"column":17}},"32":{"start":{"line":208,"column":16},"end":{"line":210,"column":17}}},"fnMap":{"0":{"name":"(anonymous_0)","decl":{"start":{"line":94,"column":17},"end":{"line":94,"column":18}},"loc":{"start":{"line":95,"column":2},"end":{"line":95,"column":44}},"line":95},"1":{"name":"(anonymous_1)","decl":{"start":{"line":107,"column":14},"end":{"line":107,"column":15}},"loc":{"start":{"line":108,"column":2},"end":{"line":113,"column":5}},"line":108},"2":{"name":"(anonymous_2)","decl":{"start":{"line":142,"column":2},"end":{"line":142,"column":3}},"loc":{"start":{"line":142,"column":21},"end":{"line":149,"column":3}},"line":142},"3":{"name":"(anonymous_3)","decl":{"start":{"line":150,"column":2},"end":{"line":150,"column":3}},"loc":{"start":{"line":150,"column":27},"end":{"line":154,"column":3}},"line":150},"4":{"name":"(anonymous_4)","decl":{"start":{"line":155,"column":2},"end":{"line":155,"column":3}},"loc":{"start":{"line":155,"column":11},"end":{"line":217,"column":3}},"line":155},"5":{"name":"(anonymous_5)","decl":{"start":{"line":157,"column":37},"end":{"line":157,"column":38}},"loc":{"start":{"line":158,"column":6},"end":{"line":158,"column":33}},"line":158},"6":{"name":"(anonymous_6)","decl":{"start":{"line":160,"column":37},"end":{"line":160,"column":38}},"loc":{"start":{"line":161,"column":6},"end":{"line":161,"column":33}},"line":161},"7":{"name":"(anonymous_7)","decl":{"start":{"line":163,"column":35},"end":{"line":163,"column":36}},"loc":{"start":{"line":164,"column":6},"end":{"line":164,"column":31}},"line":164},"8":{"name":"(anonymous_8)","decl":{"start":{"line":166,"column":35},"end":{"line":166,"column":36}},"loc":{"start":{"line":167,"column":6},"end":{"line":167,"column":31}},"line":167},"9":{"name":"(anonymous_9)","decl":{"start":{"line":174,"column":53},"end":{"line":174,"column":54}},"loc":{"start":{"line":174,"column":59},"end":{"line":174,"column":89}},"line":174},"10":{"name":"(anonymous_10)","decl":{"start":{"line":175,"column":36},"end":{"line":175,"column":37}},"loc":{"start":{"line":175,"column":42},"end":{"line":175,"column":78}},"line":175},"11":{"name":"(anonymous_11)","decl":{"start":{"line":176,"column":36},"end":{"line":176,"column":37}},"loc":{"start":{"line":176,"column":42},"end":{"line":176,"column":78}},"line":176},"12":{"name":"(anonymous_12)","decl":{"start":{"line":177,"column":36},"end":{"line":177,"column":37}},"loc":{"start":{"line":177,"column":42},"end":{"line":177,"column":76}},"line":177},"13":{"name":"(anonymous_13)","decl":{"start":{"line":178,"column":36},"end":{"line":178,"column":37}},"loc":{"start":{"line":178,"column":42},"end":{"line":178,"column":76}},"line":178},"14":{"name":"(anonymous_14)","decl":{"start":{"line":179,"column":52},"end":{"line":179,"column":53}},"loc":{"start":{"line":179,"column":58},"end":{"line":179,"column":76}},"line":179},"15":{"name":"(anonymous_15)","decl":{"start":{"line":183,"column":55},"end":{"line":183,"column":56}},"loc":{"start":{"line":183,"column":70},"end":{"line":187,"column":15}},"line":183},"16":{"name":"(anonymous_16)","decl":{"start":{"line":189,"column":63},"end":{"line":189,"column":64}},"loc":{"start":{"line":189,"column":78},"end":{"line":193,"column":15}},"line":189},"17":{"name":"(anonymous_17)","decl":{"start":{"line":195,"column":63},"end":{"line":195,"column":64}},"loc":{"start":{"line":195,"column":78},"end":{"line":199,"column":15}},"line":195},"18":{"name":"(anonymous_18)","decl":{"start":{"line":201,"column":59},"end":{"line":201,"column":60}},"loc":{"start":{"line":201,"column":74},"end":{"line":205,"column":15}},"line":201},"19":{"name":"(anonymous_19)","decl":{"start":{"line":207,"column":59},"end":{"line":207,"column":60}},"loc":{"start":{"line":207,"column":74},"end":{"line":211,"column":15}},"line":207}},"branchMap":{"0":{"loc":{"start":{"line":183,"column":15},"end":{"line":187,"column":23}},"type":"cond-expr","locations":[{"start":{"line":183,"column":43},"end":{"line":187,"column":16}},{"start":{"line":187,"column":19},"end":{"line":187,"column":23}}],"line":183},"1":{"loc":{"start":{"line":189,"column":15},"end":{"line":193,"column":23}},"type":"cond-expr","locations":[{"start":{"line":189,"column":49},"end":{"line":193,"column":16}},{"start":{"line":193,"column":19},"end":{"line":193,"column":23}}],"line":189},"2":{"loc":{"start":{"line":195,"column":15},"end":{"line":199,"column":23}},"type":"cond-expr","locations":[{"start":{"line":195,"column":49},"end":{"line":199,"column":16}},{"start":{"line":199,"column":19},"end":{"line":199,"column":23}}],"line":195},"3":{"loc":{"start":{"line":201,"column":15},"end":{"line":205,"column":23}},"type":"cond-expr","locations":[{"start":{"line":201,"column":47},"end":{"line":205,"column":16}},{"start":{"line":205,"column":19},"end":{"line":205,"column":23}}],"line":201},"4":{"loc":{"start":{"line":207,"column":15},"end":{"line":211,"column":23}},"type":"cond-expr","locations":[{"start":{"line":207,"column":47},"end":{"line":211,"column":16}},{"start":{"line":211,"column":19},"end":{"line":211,"column":23}}],"line":207}},"s":{"0":1,"1":1,"2":1,"3":0,"4":1,"5":1,"6":0,"7":1,"8":0,"9":0,"10":0,"11":0,"12":0,"13":0,"14":0,"15":0,"16":0,"17":0,"18":0,"19":0,"20":0,"21":0,"22":0,"23":0,"24":0,"25":0,"26":0,"27":0,"28":0,"29":0,"30":0,"31":0,"32":0},"f":{"0":0,"1":0,"2":0,"3":0,"4":0,"5":0,"6":0,"7":0,"8":0,"9":0,"10":0,"11":0,"12":0,"13":0,"14":0,"15":0,"16":0,"17":0,"18":0,"19":0},"b":{"0":[0,0],"1":[0,0],"2":[0,0],"3":[0,0],"4":[0,0]},"_coverageSchema":"1a1c01bbd47fc00a2c39e90264f33305004495a9","hash":"df5caaf8d96de57b3013d5a49fa3007c997d8a60"}
,"/Users/Taivnaa/Desktop/hack-reactor/FEC/Local-Review/client/components/UI/Modal/FlagModal.jsx": {"path":"/Users/Taivnaa/Desktop/hack-reactor/FEC/Local-Review/client/components/UI/Modal/FlagModal.jsx","statementMap":{"0":{"start":{"line":5,"column":21},"end":{"line":70,"column":1}},"1":{"start":{"line":72,"column":23},"end":{"line":82,"column":1}},"2":{"start":{"line":84,"column":17},"end":{"line":86,"column":1}},"3":{"start":{"line":85,"column":2},"end":{"line":85,"column":44}},"4":{"start":{"line":88,"column":20},"end":{"line":94,"column":1}},"5":{"start":{"line":96,"column":14},"end":{"line":103,"column":1}},"6":{"start":{"line":97,"column":2},"end":{"line":102,"column":5}},"7":{"start":{"line":105,"column":18},"end":{"line":130,"column":1}},"8":{"start":{"line":106,"column":2},"end":{"line":129,"column":3}},"9":{"start":{"line":110,"column":82},"end":{"line":110,"column":95}},"10":{"start":{"line":123,"column":54},"end":{"line":123,"column":71}}},"fnMap":{"0":{"name":"(anonymous_0)","decl":{"start":{"line":84,"column":17},"end":{"line":84,"column":18}},"loc":{"start":{"line":85,"column":2},"end":{"line":85,"column":44}},"line":85},"1":{"name":"(anonymous_1)","decl":{"start":{"line":96,"column":14},"end":{"line":96,"column":15}},"loc":{"start":{"line":97,"column":2},"end":{"line":102,"column":5}},"line":97},"2":{"name":"(anonymous_2)","decl":{"start":{"line":105,"column":18},"end":{"line":105,"column":19}},"loc":{"start":{"line":105,"column":29},"end":{"line":130,"column":1}},"line":105},"3":{"name":"(anonymous_3)","decl":{"start":{"line":110,"column":76},"end":{"line":110,"column":77}},"loc":{"start":{"line":110,"column":82},"end":{"line":110,"column":95}},"line":110},"4":{"name":"(anonymous_4)","decl":{"start":{"line":123,"column":48},"end":{"line":123,"column":49}},"loc":{"start":{"line":123,"column":54},"end":{"line":123,"column":71}},"line":123}},"branchMap":{},"s":{"0":1,"1":1,"2":1,"3":0,"4":1,"5":1,"6":0,"7":1,"8":0,"9":0,"10":0},"f":{"0":0,"1":0,"2":0,"3":0,"4":0},"b":{},"_coverageSchema":"1a1c01bbd47fc00a2c39e90264f33305004495a9","hash":"df59e217ed100ade3a4042f9c8269ea76ad31fa5"}
,"/Users/Taivnaa/Desktop/hack-reactor/FEC/Local-Review/client/components/UI/Modal/SingleReviewModal.jsx": {"path":"/Users/Taivnaa/Desktop/hack-reactor/FEC/Local-Review/client/components/UI/Modal/SingleReviewModal.jsx","statementMap":{"0":{"start":{"line":8,"column":21},"end":{"line":70,"column":1}},"1":{"start":{"line":14,"column":33},"end":{"line":14,"column":44}},"2":{"start":{"line":74,"column":4},"end":{"line":74,"column":17}},"3":{"start":{"line":75,"column":4},"end":{"line":78,"column":5}},"4":{"start":{"line":79,"column":4},"end":{"line":79,"column":65}},"5":{"start":{"line":82,"column":16},"end":{"line":82,"column":32}},"6":{"start":{"line":83,"column":4},"end":{"line":95,"column":5}},"7":{"start":{"line":84,"column":6},"end":{"line":84,"column":14}},"8":{"start":{"line":85,"column":6},"end":{"line":88,"column":8}},"9":{"start":{"line":90,"column":6},"end":{"line":90,"column":14}},"10":{"start":{"line":91,"column":6},"end":{"line":94,"column":8}},"11":{"start":{"line":98,"column":17},"end":{"line":98,"column":41}},"12":{"start":{"line":99,"column":4},"end":{"line":120,"column":5}}},"fnMap":{"0":{"name":"(anonymous_0)","decl":{"start":{"line":14,"column":24},"end":{"line":14,"column":25}},"loc":{"start":{"line":14,"column":33},"end":{"line":14,"column":44}},"line":14},"1":{"name":"(anonymous_1)","decl":{"start":{"line":73,"column":2},"end":{"line":73,"column":3}},"loc":{"start":{"line":73,"column":21},"end":{"line":80,"column":3}},"line":73},"2":{"name":"(anonymous_2)","decl":{"start":{"line":81,"column":2},"end":{"line":81,"column":3}},"loc":{"start":{"line":81,"column":23},"end":{"line":96,"column":3}},"line":81},"3":{"name":"(anonymous_3)","decl":{"start":{"line":97,"column":2},"end":{"line":97,"column":3}},"loc":{"start":{"line":97,"column":11},"end":{"line":121,"column":3}},"line":97}},"branchMap":{"0":{"loc":{"start":{"line":83,"column":4},"end":{"line":95,"column":5}},"type":"if","locations":[{"start":{"line":83,"column":4},"end":{"line":95,"column":5}},{"start":{"line":83,"column":4},"end":{"line":95,"column":5}}],"line":83},"1":{"loc":{"start":{"line":107,"column":22},"end":{"line":107,"column":82}},"type":"cond-expr","locations":[{"start":{"line":107,"column":60},"end":{"line":107,"column":70}},{"start":{"line":107,"column":73},"end":{"line":107,"column":82}}],"line":107}},"s":{"0":1,"1":0,"2":0,"3":0,"4":0,"5":0,"6":0,"7":0,"8":0,"9":0,"10":0,"11":0,"12":0},"f":{"0":0,"1":0,"2":0,"3":0},"b":{"0":[0,0],"1":[0,0]},"_coverageSchema":"1a1c01bbd47fc00a2c39e90264f33305004495a9","hash":"7bd1f7178bb0bc5c8dfecca9523049f92c824ac3"}
}
