TN:
SF:client/components/App.jsx
FN:47,(anonymous_0)
FN:56,(anonymous_1)
FN:58,(anonymous_2)
FN:63,(anonymous_3)
FN:65,(anonymous_4)
FN:67,(anonymous_5)
FN:72,(anonymous_6)
FN:74,(anonymous_7)
FN:78,(anonymous_8)
FNF:9
FNH:5
FNDA:3,(anonymous_0)
FNDA:3,(anonymous_1)
FNDA:0,(anonymous_2)
FNDA:0,(anonymous_3)
FNDA:3,(anonymous_4)
FNDA:0,(anonymous_5)
FNDA:0,(anonymous_6)
FNDA:3,(anonymous_7)
FNDA:3,(anonymous_8)
DA:7,1
DA:48,3
DA:49,3
DA:53,3
DA:54,3
DA:57,3
DA:59,0
DA:63,0
DA:66,3
DA:68,0
DA:72,0
DA:75,3
DA:76,3
DA:79,3
LF:14
LH:10
BRF:0
BRH:0
end_of_record
TN:
SF:client/components/FeatureItem.jsx
FN:65,(anonymous_0)
FN:66,(anonymous_1)
FN:70,(anonymous_2)
FN:91,(anonymous_3)
FN:116,(anonymous_4)
FNF:5
FNH:1
FNDA:1,(anonymous_0)
FNDA:0,(anonymous_1)
FNDA:0,(anonymous_2)
FNDA:0,(anonymous_3)
FNDA:0,(anonymous_4)
DA:22,3
DA:65,3
DA:66,1
DA:67,0
DA:68,0
DA:70,1
DA:71,0
DA:72,0
DA:73,0
DA:74,0
DA:75,0
DA:76,0
DA:77,0
DA:79,0
DA:80,0
DA:81,0
DA:82,0
DA:83,0
DA:84,0
DA:85,0
DA:86,0
DA:87,0
DA:88,0
DA:91,1
DA:92,0
DA:93,0
DA:94,0
DA:95,0
DA:96,0
DA:97,0
DA:98,0
DA:100,0
DA:101,0
DA:102,0
DA:103,0
DA:104,0
DA:105,0
DA:106,0
DA:107,0
DA:108,0
DA:109,0
DA:112,1
DA:117,0
LF:43
LH:6
BRDA:71,0,0,0
BRDA:71,0,1,0
BRDA:72,1,0,0
BRDA:72,1,1,0
BRDA:73,2,0,0
BRDA:73,2,1,0
BRDA:74,3,0,0
BRDA:74,3,1,0
BRDA:75,4,0,0
BRDA:75,4,1,0
BRDA:76,5,0,0
BRDA:76,5,1,0
BRDA:77,6,0,0
BRDA:77,6,1,0
BRDA:79,7,0,0
BRDA:79,7,1,0
BRDA:80,8,0,0
BRDA:80,8,1,0
BRDA:81,9,0,0
BRDA:81,9,1,0
BRDA:82,10,0,0
BRDA:82,10,1,0
BRDA:83,11,0,0
BRDA:83,11,1,0
BRDA:84,12,0,0
BRDA:84,12,1,0
BRDA:85,13,0,0
BRDA:85,13,1,0
BRDA:86,14,0,0
BRDA:86,14,1,0
BRDA:87,15,0,0
BRDA:87,15,1,0
BRDA:88,16,0,0
BRDA:88,16,1,0
BRDA:92,17,0,0
BRDA:92,17,1,0
BRDA:93,18,0,0
BRDA:93,18,1,0
BRDA:94,19,0,0
BRDA:94,19,1,0
BRDA:95,20,0,0
BRDA:95,20,1,0
BRDA:96,21,0,0
BRDA:96,21,1,0
BRDA:97,22,0,0
BRDA:97,22,1,0
BRDA:98,23,0,0
BRDA:98,23,1,0
BRDA:100,24,0,0
BRDA:100,24,1,0
BRDA:101,25,0,0
BRDA:101,25,1,0
BRDA:102,26,0,0
BRDA:102,26,1,0
BRDA:103,27,0,0
BRDA:103,27,1,0
BRDA:104,28,0,0
BRDA:104,28,1,0
BRDA:105,29,0,0
BRDA:105,29,1,0
BRDA:106,30,0,0
BRDA:106,30,1,0
BRDA:107,31,0,0
BRDA:107,31,1,0
BRDA:108,32,0,0
BRDA:108,32,1,0
BRDA:109,33,0,0
BRDA:109,33,1,0
BRDA:115,34,0,0
BRDA:115,34,1,1
BRF:70
BRH:1
end_of_record
TN:
SF:client/components/Features.jsx
FN:38,(anonymous_0)
FN:46,(anonymous_1)
FN:51,(anonymous_2)
FNF:3
FNH:2
FNDA:3,(anonymous_0)
FNDA:0,(anonymous_1)
FNDA:3,(anonymous_2)
DA:5,2
DA:10,2
DA:39,3
DA:40,3
DA:43,3
DA:47,0
DA:52,3
DA:53,3
DA:54,3
DA:55,0
DA:56,0
DA:58,3
LF:12
LH:9
BRDA:54,0,0,0
BRDA:54,0,1,3
BRDA:62,1,0,0
BRDA:62,1,1,3
BRDA:64,2,0,0
BRDA:64,2,1,3
BRF:6
BRH:3
end_of_record
TN:
SF:client/components/NextButton.jsx
FN:46,(anonymous_0)
FNF:1
FNH:0
FNDA:0,(anonymous_0)
DA:4,1
DA:37,1
DA:42,1
DA:46,1
DA:47,0
LF:5
LH:4
BRDA:48,0,0,0
BRDA:48,0,1,0
BRF:2
BRH:0
end_of_record
TN:
SF:client/components/PrevButton.jsx
FN:38,(anonymous_0)
FNF:1
FNH:0
FNDA:0,(anonymous_0)
DA:4,1
DA:29,1
DA:34,1
DA:38,1
DA:39,0
LF:5
LH:4
BRF:0
BRH:0
end_of_record
TN:
SF:client/components/ReviewItem.jsx
FN:8,(anonymous_0)
FN:15,(anonymous_1)
FN:80,(anonymous_2)
FN:89,(anonymous_3)
FN:105,(anonymous_4)
FN:112,(anonymous_5)
FN:120,(anonymous_6)
FNF:7
FNH:0
FNDA:0,(anonymous_0)
FNDA:0,(anonymous_1)
FNDA:0,(anonymous_2)
FNDA:0,(anonymous_3)
FNDA:0,(anonymous_4)
FNDA:0,(anonymous_5)
FNDA:0,(anonymous_6)
DA:6,1
DA:8,0
DA:15,0
DA:81,0
DA:82,0
DA:87,0
DA:90,0
DA:91,0
DA:92,0
DA:93,0
DA:98,0
DA:99,0
DA:106,0
DA:107,0
DA:108,0
DA:109,0
DA:112,0
DA:120,0
LF:18
LH:1
BRDA:8,0,0,0
BRDA:8,0,1,0
BRDA:91,1,0,0
BRDA:91,1,1,0
BRDA:116,2,0,0
BRDA:116,2,1,0
BRF:6
BRH:0
end_of_record
TN:
SF:client/components/Reviews.jsx
FN:66,(anonymous_0)
FN:96,(anonymous_1)
FN:111,(anonymous_2)
FN:116,(anonymous_3)
FN:123,(anonymous_4)
FN:125,(anonymous_5)
FN:133,(anonymous_6)
FN:137,(anonymous_7)
FN:144,(anonymous_8)
FN:146,(anonymous_9)
FN:149,(anonymous_10)
FN:152,(anonymous_11)
FN:155,(anonymous_12)
FN:167,(anonymous_13)
FN:168,(anonymous_14)
FN:169,(anonymous_15)
FN:170,(anonymous_16)
FN:171,(anonymous_17)
FN:176,(anonymous_18)
FN:182,(anonymous_19)
FN:188,(anonymous_20)
FN:194,(anonymous_21)
FN:200,(anonymous_22)
FN:209,(anonymous_23)
FN:220,(anonymous_24)
FNF:25
FNH:0
FNDA:0,(anonymous_0)
FNDA:0,(anonymous_1)
FNDA:0,(anonymous_2)
FNDA:0,(anonymous_3)
FNDA:0,(anonymous_4)
FNDA:0,(anonymous_5)
FNDA:0,(anonymous_6)
FNDA:0,(anonymous_7)
FNDA:0,(anonymous_8)
FNDA:0,(anonymous_9)
FNDA:0,(anonymous_10)
FNDA:0,(anonymous_11)
FNDA:0,(anonymous_12)
FNDA:0,(anonymous_13)
FNDA:0,(anonymous_14)
FNDA:0,(anonymous_15)
FNDA:0,(anonymous_16)
FNDA:0,(anonymous_17)
FNDA:0,(anonymous_18)
FNDA:0,(anonymous_19)
FNDA:0,(anonymous_20)
FNDA:0,(anonymous_21)
FNDA:0,(anonymous_22)
FNDA:0,(anonymous_23)
FNDA:0,(anonymous_24)
DA:11,1
DA:66,0
DA:70,1
DA:97,0
DA:98,0
DA:106,0
DA:107,0
DA:108,0
DA:109,0
DA:112,0
DA:117,0
DA:124,0
DA:126,0
DA:127,0
DA:128,0
DA:134,0
DA:138,0
DA:145,0
DA:146,0
DA:147,0
DA:149,0
DA:150,0
DA:152,0
DA:153,0
DA:155,0
DA:156,0
DA:158,0
DA:167,0
DA:168,0
DA:169,0
DA:170,0
DA:171,0
DA:177,0
DA:183,0
DA:189,0
DA:195,0
DA:201,0
DA:210,0
DA:211,0
DA:215,0
DA:221,0
LF:41
LH:2
BRDA:66,0,0,0
BRDA:66,0,1,0
BRDA:161,1,0,0
BRDA:161,1,1,0
BRDA:162,2,0,0
BRDA:162,2,1,0
BRDA:163,3,0,0
BRDA:163,3,1,0
BRDA:176,4,0,0
BRDA:176,4,1,0
BRDA:182,5,0,0
BRDA:182,5,1,0
BRDA:188,6,0,0
BRDA:188,6,1,0
BRDA:194,7,0,0
BRDA:194,7,1,0
BRDA:200,8,0,0
BRDA:200,8,1,0
BRDA:210,9,0,0
BRDA:210,9,1,0
BRDA:220,10,0,0
BRDA:220,10,1,0
BRF:22
BRH:0
end_of_record
TN:
SF:client/components/Logos/Car.jsx
FN:18,(anonymous_0)
FNF:1
FNH:0
FNDA:0,(anonymous_0)
DA:4,3
DA:9,3
DA:14,3
DA:18,3
DA:19,0
LF:5
LH:4
BRF:0
BRH:0
end_of_record
TN:
SF:client/components/Logos/Cart.jsx
FN:18,(anonymous_0)
FNF:1
FNH:0
FNDA:0,(anonymous_0)
DA:4,3
DA:9,3
DA:14,3
DA:18,3
DA:19,0
LF:5
LH:4
BRF:0
BRH:0
end_of_record
TN:
SF:client/components/Logos/CloseButton.jsx
FN:22,(anonymous_0)
FNF:1
FNH:0
FNDA:0,(anonymous_0)
DA:4,1
DA:13,1
DA:18,1
DA:22,1
DA:23,0
LF:5
LH:4
BRF:0
BRH:0
end_of_record
TN:
SF:client/components/Logos/Dog.jsx
FN:18,(anonymous_0)
FNF:1
FNH:0
FNDA:0,(anonymous_0)
DA:4,3
DA:9,3
DA:14,3
DA:18,3
DA:19,0
LF:5
LH:4
BRF:0
BRH:0
end_of_record
TN:
SF:client/components/Logos/Events.jsx
FN:18,(anonymous_0)
FNF:1
FNH:0
FNDA:0,(anonymous_0)
DA:4,3
DA:9,3
DA:14,3
DA:18,3
DA:19,0
LF:5
LH:4
BRF:0
BRH:0
end_of_record
TN:
SF:client/components/Logos/Holiday.jsx
FN:18,(anonymous_0)
FNF:1
FNH:0
FNDA:0,(anonymous_0)
DA:4,3
DA:9,3
DA:14,3
DA:18,3
DA:19,0
LF:5
LH:4
BRF:0
BRH:0
end_of_record
TN:
SF:client/components/Logos/HourGlass.jsx
FN:18,(anonymous_0)
FNF:1
FNH:0
FNDA:0,(anonymous_0)
DA:4,3
DA:9,3
DA:14,3
DA:18,3
DA:19,0
LF:5
LH:4
BRF:0
BRH:0
end_of_record
TN:
SF:client/components/Logos/Like.jsx
FN:18,(anonymous_0)
FNF:1
FNH:0
FNDA:0,(anonymous_0)
DA:4,3
DA:9,3
DA:14,3
DA:18,3
DA:19,0
LF:5
LH:4
BRF:0
BRH:0
end_of_record
TN:
SF:client/components/Logos/ModalClose.jsx
FN:19,(anonymous_0)
FNF:1
FNH:0
FNDA:0,(anonymous_0)
DA:4,1
DA:10,1
DA:15,1
DA:19,1
DA:20,0
LF:5
LH:4
BRF:0
BRH:0
end_of_record
TN:
SF:client/components/Logos/Moon.jsx
FN:18,(anonymous_0)
FNF:1
FNH:0
FNDA:0,(anonymous_0)
DA:4,3
DA:9,3
DA:14,3
DA:18,3
DA:19,0
LF:5
LH:4
BRF:0
BRH:0
end_of_record
TN:
SF:client/components/Logos/Neighbors.jsx
FN:18,(anonymous_0)
FNF:1
FNH:0
FNDA:0,(anonymous_0)
DA:4,3
DA:9,3
DA:14,3
DA:18,3
DA:19,0
LF:5
LH:4
BRF:0
BRH:0
end_of_record
TN:
SF:client/components/Logos/Parking.jsx
FN:18,(anonymous_0)
FNF:1
FNH:0
FNDA:0,(anonymous_0)
DA:4,3
DA:9,3
DA:14,3
DA:18,3
DA:19,0
LF:5
LH:4
BRF:0
BRH:0
end_of_record
TN:
SF:client/components/Logos/Play.jsx
FN:18,(anonymous_0)
FNF:1
FNH:0
FNDA:0,(anonymous_0)
DA:4,3
DA:9,3
DA:14,3
DA:18,3
DA:19,0
LF:5
LH:4
BRF:0
BRH:0
end_of_record
TN:
SF:client/components/Logos/Quiet.jsx
FN:18,(anonymous_0)
FNF:1
FNH:0
FNDA:0,(anonymous_0)
DA:4,3
DA:9,3
DA:14,3
DA:18,3
DA:19,0
LF:5
LH:4
BRF:0
BRH:0
end_of_record
TN:
SF:client/components/Logos/Restaurant.jsx
FN:18,(anonymous_0)
FNF:1
FNH:0
FNDA:0,(anonymous_0)
DA:4,3
DA:9,3
DA:14,3
DA:18,3
DA:19,0
LF:5
LH:4
BRF:0
BRH:0
end_of_record
TN:
SF:client/components/Logos/SideWalk.jsx
FN:18,(anonymous_0)
FNF:1
FNH:0
FNDA:0,(anonymous_0)
DA:4,3
DA:9,3
DA:14,3
DA:18,3
DA:19,0
LF:5
LH:4
BRF:0
BRH:0
end_of_record
TN:
SF:client/components/Logos/Smily.jsx
FN:18,(anonymous_0)
FNF:1
FNH:0
FNDA:0,(anonymous_0)
DA:4,1
DA:9,1
DA:14,1
DA:18,1
DA:19,0
LF:5
LH:4
BRF:0
BRH:0
end_of_record
TN:
SF:client/components/Logos/StreetLight.jsx
FN:18,(anonymous_0)
FNF:1
FNH:0
FNDA:0,(anonymous_0)
DA:4,3
DA:9,3
DA:14,3
DA:18,3
DA:19,0
LF:5
LH:4
BRF:0
BRH:0
end_of_record
TN:
SF:client/components/Logos/WildLife.jsx
FN:18,(anonymous_0)
FNF:1
FNH:0
FNDA:0,(anonymous_0)
DA:4,3
DA:9,3
DA:14,3
DA:18,3
DA:19,0
LF:5
LH:4
BRF:0
BRH:0
end_of_record
TN:
SF:client/components/Logos/Yard.jsx
FN:18,(anonymous_0)
FNF:1
FNH:0
FNDA:0,(anonymous_0)
DA:4,3
DA:9,3
DA:14,3
DA:18,3
DA:19,0
LF:5
LH:4
BRF:0
BRH:0
end_of_record
TN:
SF:client/components/UI/BackDrop.jsx
FN:15,(anonymous_0)
FN:31,(anonymous_1)
FNF:2
FNH:0
FNDA:0,(anonymous_0)
FNDA:0,(anonymous_1)
DA:4,1
DA:15,1
DA:16,0
DA:20,1
DA:31,1
DA:32,0
LF:6
LH:4
BRF:0
BRH:0
end_of_record
TN:
SF:client/components/UI/Modal/AllReviewModal.jsx
FN:94,(anonymous_0)
FN:107,(anonymous_1)
FN:142,(anonymous_2)
FN:150,(anonymous_3)
FN:155,(anonymous_4)
FN:157,(anonymous_5)
FN:160,(anonymous_6)
FN:163,(anonymous_7)
FN:166,(anonymous_8)
FN:174,(anonymous_9)
FN:175,(anonymous_10)
FN:176,(anonymous_11)
FN:177,(anonymous_12)
FN:178,(anonymous_13)
FN:179,(anonymous_14)
FN:183,(anonymous_15)
FN:189,(anonymous_16)
FN:195,(anonymous_17)
FN:201,(anonymous_18)
FN:207,(anonymous_19)
FNF:20
FNH:0
FNDA:0,(anonymous_0)
FNDA:0,(anonymous_1)
FNDA:0,(anonymous_2)
FNDA:0,(anonymous_3)
FNDA:0,(anonymous_4)
FNDA:0,(anonymous_5)
FNDA:0,(anonymous_6)
FNDA:0,(anonymous_7)
FNDA:0,(anonymous_8)
FNDA:0,(anonymous_9)
FNDA:0,(anonymous_10)
FNDA:0,(anonymous_11)
FNDA:0,(anonymous_12)
FNDA:0,(anonymous_13)
FNDA:0,(anonymous_14)
FNDA:0,(anonymous_15)
FNDA:0,(anonymous_16)
FNDA:0,(anonymous_17)
FNDA:0,(anonymous_18)
FNDA:0,(anonymous_19)
DA:6,1
DA:82,1
DA:94,1
DA:95,0
DA:98,1
DA:107,1
DA:108,0
DA:116,1
DA:143,0
DA:144,0
DA:148,0
DA:151,0
DA:156,0
DA:157,0
DA:158,0
DA:160,0
DA:161,0
DA:163,0
DA:164,0
DA:166,0
DA:167,0
DA:169,0
DA:174,0
DA:175,0
DA:176,0
DA:177,0
DA:178,0
DA:179,0
DA:184,0
DA:190,0
DA:196,0
DA:202,0
DA:208,0
LF:33
LH:6
BRDA:183,0,0,0
BRDA:183,0,1,0
BRDA:189,1,0,0
BRDA:189,1,1,0
BRDA:195,2,0,0
BRDA:195,2,1,0
BRDA:201,3,0,0
BRDA:201,3,1,0
BRDA:207,4,0,0
BRDA:207,4,1,0
BRF:10
BRH:0
end_of_record
TN:
SF:client/components/UI/Modal/FlagModal.jsx
FN:84,(anonymous_0)
FN:96,(anonymous_1)
FN:105,(anonymous_2)
FN:110,(anonymous_3)
FN:123,(anonymous_4)
FNF:5
FNH:0
FNDA:0,(anonymous_0)
FNDA:0,(anonymous_1)
FNDA:0,(anonymous_2)
FNDA:0,(anonymous_3)
FNDA:0,(anonymous_4)
DA:5,1
DA:72,1
DA:84,1
DA:85,0
DA:88,1
DA:96,1
DA:97,0
DA:105,1
DA:106,0
DA:110,0
DA:123,0
LF:11
LH:6
BRF:0
BRH:0
end_of_record
TN:
SF:client/components/UI/Modal/SingleReviewModal.jsx
FN:14,(anonymous_0)
FN:73,(anonymous_1)
FN:81,(anonymous_2)
FN:97,(anonymous_3)
FNF:4
FNH:0
FNDA:0,(anonymous_0)
FNDA:0,(anonymous_1)
FNDA:0,(anonymous_2)
FNDA:0,(anonymous_3)
DA:8,1
DA:14,0
DA:74,0
DA:75,0
DA:79,0
DA:82,0
DA:83,0
DA:84,0
DA:85,0
DA:90,0
DA:91,0
DA:98,0
DA:99,0
LF:13
LH:1
BRDA:83,0,0,0
BRDA:83,0,1,0
BRDA:107,1,0,0
BRDA:107,1,1,0
BRF:4
BRH:0
end_of_record
